mode: set
github.com/linkerlin/godis/main.go:47.39,50.2 2 0
github.com/linkerlin/godis/main.go:52.13,59.2 6 0
github.com/linkerlin/godis/main.go:61.13,70.17 3 0
github.com/linkerlin/godis/main.go:70.17,72.3 1 0
github.com/linkerlin/godis/main.go:74.2,74.38 1 0
github.com/linkerlin/godis/main.go:74.38,76.3 1 0
github.com/linkerlin/godis/main.go:78.2,83.31 4 0
github.com/linkerlin/godis/main.go:83.31,85.3 1 0
github.com/linkerlin/godis/main.go:85.8,87.3 1 0
github.com/linkerlin/godis/main.go:88.2,88.16 1 0
github.com/linkerlin/godis/main.go:88.16,90.3 1 0
github.com/linkerlin/godis/main.go:93.26,96.26 2 0
github.com/linkerlin/godis/main.go:96.26,98.3 1 0
github.com/linkerlin/godis/main.go:100.2,100.26 1 0
github.com/linkerlin/godis/main.go:100.26,101.31 1 0
github.com/linkerlin/godis/main.go:101.31,102.59 1 0
github.com/linkerlin/godis/main.go:102.59,104.5 1 0
github.com/linkerlin/godis/main.go:105.9,107.4 1 0
github.com/linkerlin/godis/main.go:108.8,109.60 1 0
github.com/linkerlin/godis/main.go:109.60,111.4 1 0
github.com/linkerlin/godis/main.go:115.2,115.20 1 0
github.com/linkerlin/godis/main.go:115.20,117.3 1 0
github.com/linkerlin/godis/main.go:118.2,118.19 1 0
github.com/linkerlin/godis/main.go:118.19,120.3 1 0
github.com/linkerlin/godis/main.go:122.2,122.12 1 0
github.com/linkerlin/godis/main.go:125.27,127.16 2 0
github.com/linkerlin/godis/main.go:127.16,129.3 1 0
github.com/linkerlin/godis/main.go:130.2,130.12 1 0
github.com/linkerlin/godis/main.go:130.12,132.45 2 0
github.com/linkerlin/godis/main.go:132.45,134.4 1 0
github.com/linkerlin/godis/main.go:138.45,141.37 3 0
github.com/linkerlin/godis/main.go:141.37,143.17 2 0
github.com/linkerlin/godis/main.go:143.17,145.4 1 0
github.com/linkerlin/godis/main.go:146.8,148.17 2 0
github.com/linkerlin/godis/main.go:148.17,150.4 1 0
github.com/linkerlin/godis/main.go:152.2,158.12 5 0
github.com/linkerlin/godis/main.go:158.12,160.3 1 0
github.com/linkerlin/godis/main.go:162.2,162.9 1 0
github.com/linkerlin/godis/main.go:163.22,165.40 2 0
github.com/linkerlin/godis/main.go:165.40,167.4 1 0
github.com/linkerlin/godis/main.go:168.3,168.13 1 0
github.com/linkerlin/godis/main.go:169.22,170.17 1 0
github.com/linkerlin/godis/main.go:170.17,172.4 1 0
github.com/linkerlin/godis/main.go:173.3,173.13 1 0
github.com/linkerlin/godis/main.go:177.44,179.16 2 0
github.com/linkerlin/godis/main.go:179.16,181.3 1 0
github.com/linkerlin/godis/main.go:182.2,182.61 1 0
github.com/linkerlin/godis/main.go:182.61,184.3 1 0
github.com/linkerlin/godis/main.go:185.2,185.12 1 0
github.com/linkerlin/godis/acl/acl.go:59.33,71.2 1 1
github.com/linkerlin/godis/acl/acl.go:74.60,78.14 3 0
github.com/linkerlin/godis/acl/acl.go:78.14,80.3 1 0
github.com/linkerlin/godis/acl/acl.go:80.8,83.3 2 0
github.com/linkerlin/godis/acl/acl.go:87.60,92.14 4 0
github.com/linkerlin/godis/acl/acl.go:92.14,94.3 1 0
github.com/linkerlin/godis/acl/acl.go:94.8,97.3 2 0
github.com/linkerlin/godis/acl/acl.go:98.2,98.40 1 0
github.com/linkerlin/godis/acl/acl.go:102.53,106.16 3 0
github.com/linkerlin/godis/acl/acl.go:106.16,108.3 1 0
github.com/linkerlin/godis/acl/acl.go:111.2,114.34 3 0
github.com/linkerlin/godis/acl/acl.go:114.34,115.26 1 0
github.com/linkerlin/godis/acl/acl.go:115.26,117.4 1 0
github.com/linkerlin/godis/acl/acl.go:119.2,119.14 1 0
github.com/linkerlin/godis/acl/acl.go:123.35,127.2 3 0
github.com/linkerlin/godis/acl/acl.go:130.47,135.2 3 0
github.com/linkerlin/godis/acl/acl.go:138.46,143.2 3 1
github.com/linkerlin/godis/acl/acl.go:146.41,152.2 4 1
github.com/linkerlin/godis/acl/acl.go:155.40,161.2 4 0
github.com/linkerlin/godis/acl/acl.go:164.35,169.2 3 1
github.com/linkerlin/godis/acl/acl.go:172.46,176.16 3 1
github.com/linkerlin/godis/acl/acl.go:176.16,178.3 1 0
github.com/linkerlin/godis/acl/acl.go:180.2,183.36 2 1
github.com/linkerlin/godis/acl/acl.go:183.36,185.3 1 0
github.com/linkerlin/godis/acl/acl.go:188.2,188.37 1 1
github.com/linkerlin/godis/acl/acl.go:188.37,190.3 1 1
github.com/linkerlin/godis/acl/acl.go:193.2,194.33 2 1
github.com/linkerlin/godis/acl/acl.go:194.33,195.67 1 1
github.com/linkerlin/godis/acl/acl.go:195.67,196.16 1 0
github.com/linkerlin/godis/acl/acl.go:196.16,198.5 1 0
github.com/linkerlin/godis/acl/acl.go:199.4,199.15 1 0
github.com/linkerlin/godis/acl/acl.go:204.2,204.31 1 1
github.com/linkerlin/godis/acl/acl.go:208.60,216.2 3 1
github.com/linkerlin/godis/acl/acl.go:219.42,223.16 3 0
github.com/linkerlin/godis/acl/acl.go:223.16,225.3 1 0
github.com/linkerlin/godis/acl/acl.go:228.2,228.29 1 0
github.com/linkerlin/godis/acl/acl.go:228.29,230.3 1 0
github.com/linkerlin/godis/acl/acl.go:233.2,235.35 3 0
github.com/linkerlin/godis/acl/acl.go:235.35,236.36 1 0
github.com/linkerlin/godis/acl/acl.go:236.36,239.4 2 0
github.com/linkerlin/godis/acl/acl.go:243.2,243.17 1 0
github.com/linkerlin/godis/acl/acl.go:243.17,245.3 1 0
github.com/linkerlin/godis/acl/acl.go:247.2,247.16 1 0
github.com/linkerlin/godis/acl/acl.go:258.26,263.2 1 1
github.com/linkerlin/godis/acl/acl.go:266.53,271.13 4 1
github.com/linkerlin/godis/acl/acl.go:271.13,273.3 1 0
github.com/linkerlin/godis/acl/acl.go:274.2,274.26 1 1
github.com/linkerlin/godis/acl/acl.go:278.70,283.45 4 1
github.com/linkerlin/godis/acl/acl.go:283.45,285.3 1 0
github.com/linkerlin/godis/acl/acl.go:287.2,288.15 2 1
github.com/linkerlin/godis/acl/acl.go:292.46,297.29 4 0
github.com/linkerlin/godis/acl/acl.go:297.29,298.37 1 0
github.com/linkerlin/godis/acl/acl.go:298.37,301.4 2 0
github.com/linkerlin/godis/acl/acl.go:303.2,303.16 1 0
github.com/linkerlin/godis/acl/acl.go:307.41,312.57 4 1
github.com/linkerlin/godis/acl/acl.go:312.57,315.3 2 1
github.com/linkerlin/godis/acl/acl.go:316.2,316.14 1 1
github.com/linkerlin/godis/acl/acl.go:320.73,322.13 2 0
github.com/linkerlin/godis/acl/acl.go:322.13,324.3 1 0
github.com/linkerlin/godis/acl/acl.go:326.2,326.25 1 0
github.com/linkerlin/godis/acl/acl.go:326.25,328.3 1 0
github.com/linkerlin/godis/acl/acl.go:330.2,330.36 1 0
github.com/linkerlin/godis/acl/acl.go:330.36,332.3 1 0
github.com/linkerlin/godis/acl/acl.go:334.2,334.18 1 0
github.com/linkerlin/godis/acl/acl.go:338.48,342.44 3 1
github.com/linkerlin/godis/acl/acl.go:342.44,343.26 1 1
github.com/linkerlin/godis/acl/acl.go:343.26,344.33 1 1
github.com/linkerlin/godis/acl/acl.go:344.33,346.10 2 1
github.com/linkerlin/godis/acl/acl.go:351.2,351.19 1 1
github.com/linkerlin/godis/acl/acl.go:377.43,379.20 1 0
github.com/linkerlin/godis/acl/acl.go:379.20,381.3 1 0
github.com/linkerlin/godis/acl/acl.go:382.2,382.87 1 0
github.com/linkerlin/godis/acl/acl.go:382.87,384.3 1 0
github.com/linkerlin/godis/acl/acl.go:385.2,385.74 1 0
github.com/linkerlin/godis/acl/acl.go:385.74,387.3 1 0
github.com/linkerlin/godis/acl/acl.go:388.2,388.21 1 0
github.com/linkerlin/godis/acl/acl.go:392.42,395.30 3 0
github.com/linkerlin/godis/acl/acl.go:395.30,396.15 1 0
github.com/linkerlin/godis/acl/acl.go:396.15,398.4 1 0
github.com/linkerlin/godis/acl/acl.go:400.2,400.14 1 0
github.com/linkerlin/godis/acl/file.go:14.48,15.29 1 1
github.com/linkerlin/godis/acl/file.go:15.29,17.17 2 1
github.com/linkerlin/godis/acl/file.go:17.17,18.12 1 0
github.com/linkerlin/godis/acl/file.go:21.3,21.10 1 1
github.com/linkerlin/godis/acl/file.go:22.21,23.20 1 1
github.com/linkerlin/godis/acl/file.go:24.22,25.21 1 0
github.com/linkerlin/godis/acl/file.go:26.25,27.21 1 1
github.com/linkerlin/godis/acl/file.go:28.37,29.34 1 0
github.com/linkerlin/godis/acl/file.go:30.37,31.33 1 0
github.com/linkerlin/godis/acl/file.go:32.37,34.24 2 1
github.com/linkerlin/godis/acl/file.go:34.24,36.5 1 1
github.com/linkerlin/godis/acl/file.go:36.10,36.45 1 1
github.com/linkerlin/godis/acl/file.go:36.45,38.5 1 0
github.com/linkerlin/godis/acl/file.go:38.10,40.5 1 1
github.com/linkerlin/godis/acl/file.go:41.37,43.38 2 1
github.com/linkerlin/godis/acl/file.go:43.38,45.5 1 1
github.com/linkerlin/godis/acl/file.go:45.10,47.5 1 0
github.com/linkerlin/godis/acl/file.go:48.37,49.35 1 1
github.com/linkerlin/godis/acl/file.go:50.42,51.30 1 0
github.com/linkerlin/godis/acl/file.go:52.49,53.24 1 0
github.com/linkerlin/godis/acl/file.go:54.32,55.20 1 0
github.com/linkerlin/godis/acl/file.go:56.37,60.6 1 0
github.com/linkerlin/godis/acl/file.go:61.28,62.23 1 0
github.com/linkerlin/godis/acl/file.go:63.11,64.51 1 0
github.com/linkerlin/godis/acl/file.go:67.2,67.12 1 1
github.com/linkerlin/godis/acl/file.go:71.40,76.15 4 1
github.com/linkerlin/godis/acl/file.go:76.15,78.3 1 1
github.com/linkerlin/godis/acl/file.go:78.8,80.3 1 0
github.com/linkerlin/godis/acl/file.go:82.2,82.27 1 1
github.com/linkerlin/godis/acl/file.go:82.27,84.3 1 1
github.com/linkerlin/godis/acl/file.go:84.8,85.35 1 0
github.com/linkerlin/godis/acl/file.go:85.35,87.4 1 0
github.com/linkerlin/godis/acl/file.go:90.2,90.35 1 1
github.com/linkerlin/godis/acl/file.go:90.35,91.17 1 1
github.com/linkerlin/godis/acl/file.go:91.17,93.4 1 1
github.com/linkerlin/godis/acl/file.go:95.2,95.32 1 1
github.com/linkerlin/godis/acl/file.go:95.32,96.17 1 0
github.com/linkerlin/godis/acl/file.go:96.17,98.4 1 0
github.com/linkerlin/godis/acl/file.go:101.2,101.28 1 1
github.com/linkerlin/godis/acl/file.go:101.28,103.3 1 1
github.com/linkerlin/godis/acl/file.go:103.8,105.58 2 1
github.com/linkerlin/godis/acl/file.go:105.58,106.15 1 1
github.com/linkerlin/godis/acl/file.go:106.15,108.5 1 0
github.com/linkerlin/godis/acl/file.go:110.3,111.28 2 1
github.com/linkerlin/godis/acl/file.go:111.28,113.4 1 0
github.com/linkerlin/godis/acl/file.go:115.3,116.47 2 1
github.com/linkerlin/godis/acl/file.go:116.47,118.4 1 1
github.com/linkerlin/godis/acl/file.go:119.3,120.28 2 1
github.com/linkerlin/godis/acl/file.go:120.28,122.4 1 1
github.com/linkerlin/godis/acl/file.go:124.3,125.46 2 1
github.com/linkerlin/godis/acl/file.go:125.46,127.4 1 0
github.com/linkerlin/godis/acl/file.go:128.3,129.30 2 1
github.com/linkerlin/godis/acl/file.go:129.30,131.4 1 0
github.com/linkerlin/godis/acl/file.go:134.2,134.33 1 1
github.com/linkerlin/godis/acl/file.go:138.64,142.21 4 1
github.com/linkerlin/godis/acl/file.go:142.21,145.49 3 1
github.com/linkerlin/godis/acl/file.go:145.49,146.12 1 1
github.com/linkerlin/godis/acl/file.go:148.3,149.63 2 1
github.com/linkerlin/godis/acl/file.go:149.63,151.4 1 0
github.com/linkerlin/godis/acl/file.go:152.3,153.27 2 1
github.com/linkerlin/godis/acl/file.go:155.2,155.38 1 1
github.com/linkerlin/godis/acl/file.go:155.38,157.3 1 0
github.com/linkerlin/godis/acl/file.go:158.2,158.21 1 1
github.com/linkerlin/godis/acl/file.go:158.21,160.3 1 0
github.com/linkerlin/godis/acl/file.go:161.2,161.19 1 1
github.com/linkerlin/godis/acl/file.go:165.50,167.16 2 1
github.com/linkerlin/godis/acl/file.go:167.16,169.3 1 1
github.com/linkerlin/godis/acl/file.go:170.2,171.16 2 1
github.com/linkerlin/godis/acl/file.go:171.16,173.3 1 0
github.com/linkerlin/godis/acl/file.go:175.2,179.34 4 1
github.com/linkerlin/godis/acl/file.go:179.34,181.49 2 1
github.com/linkerlin/godis/acl/file.go:181.49,183.4 1 0
github.com/linkerlin/godis/acl/file.go:184.3,184.26 1 1
github.com/linkerlin/godis/acl/file.go:186.2,186.12 1 1
github.com/linkerlin/godis/acl/file.go:190.48,195.29 4 1
github.com/linkerlin/godis/acl/file.go:195.29,197.10 2 1
github.com/linkerlin/godis/acl/file.go:197.10,198.12 1 0
github.com/linkerlin/godis/acl/file.go:200.3,200.49 1 1
github.com/linkerlin/godis/acl/file.go:203.2,204.51 2 1
github.com/linkerlin/godis/cluster/cluster.go:20.38,23.16 3 0
github.com/linkerlin/godis/cluster/cluster.go:23.16,25.3 1 0
github.com/linkerlin/godis/cluster/cluster.go:26.2,37.16 2 0
github.com/linkerlin/godis/cluster/cluster.go:37.16,39.3 1 0
github.com/linkerlin/godis/cluster/cluster.go:40.2,40.21 1 0
github.com/linkerlin/godis/cluster/cluster.go:44.33,46.16 2 0
github.com/linkerlin/godis/cluster/cluster.go:46.16,48.3 1 0
github.com/linkerlin/godis/cluster/cluster.go:49.2,49.16 1 0
github.com/linkerlin/godis/aof/aof.go:79.140,87.10 7 0
github.com/linkerlin/godis/aof/aof.go:87.10,89.3 1 0
github.com/linkerlin/godis/aof/aof.go:90.2,91.16 2 0
github.com/linkerlin/godis/aof/aof.go:91.16,93.3 1 0
github.com/linkerlin/godis/aof/aof.go:94.2,99.12 5 0
github.com/linkerlin/godis/aof/aof.go:99.12,101.3 1 0
github.com/linkerlin/godis/aof/aof.go:102.2,106.41 4 0
github.com/linkerlin/godis/aof/aof.go:106.41,108.3 1 0
github.com/linkerlin/godis/aof/aof.go:109.2,109.23 1 0
github.com/linkerlin/godis/aof/aof.go:113.63,117.2 3 0
github.com/linkerlin/godis/aof/aof.go:120.71,122.30 1 0
github.com/linkerlin/godis/aof/aof.go:122.30,124.3 1 0
github.com/linkerlin/godis/aof/aof.go:126.2,126.39 1 0
github.com/linkerlin/godis/aof/aof.go:126.39,133.3 3 0
github.com/linkerlin/godis/aof/aof.go:135.2,138.3 1 0
github.com/linkerlin/godis/aof/aof.go:143.41,144.35 1 0
github.com/linkerlin/godis/aof/aof.go:144.35,146.3 1 0
github.com/linkerlin/godis/aof/aof.go:147.2,147.37 1 0
github.com/linkerlin/godis/aof/aof.go:150.50,155.38 4 0
github.com/linkerlin/godis/aof/aof.go:155.38,161.17 5 0
github.com/linkerlin/godis/aof/aof.go:161.17,164.4 2 0
github.com/linkerlin/godis/aof/aof.go:165.3,165.34 1 0
github.com/linkerlin/godis/aof/aof.go:168.2,171.16 4 0
github.com/linkerlin/godis/aof/aof.go:171.16,173.3 1 0
github.com/linkerlin/godis/aof/aof.go:174.2,174.44 1 0
github.com/linkerlin/godis/aof/aof.go:174.44,176.3 1 0
github.com/linkerlin/godis/aof/aof.go:177.2,177.39 1 0
github.com/linkerlin/godis/aof/aof.go:177.39,179.3 1 0
github.com/linkerlin/godis/aof/aof.go:183.51,188.36 3 0
github.com/linkerlin/godis/aof/aof.go:188.36,190.3 1 0
github.com/linkerlin/godis/aof/aof.go:192.2,193.16 2 0
github.com/linkerlin/godis/aof/aof.go:193.16,194.39 1 0
github.com/linkerlin/godis/aof/aof.go:194.39,196.4 1 0
github.com/linkerlin/godis/aof/aof.go:197.3,198.9 2 0
github.com/linkerlin/godis/aof/aof.go:200.2,205.16 4 0
github.com/linkerlin/godis/aof/aof.go:205.16,208.3 1 0
github.com/linkerlin/godis/aof/aof.go:208.8,212.3 2 0
github.com/linkerlin/godis/aof/aof.go:213.2,214.18 2 0
github.com/linkerlin/godis/aof/aof.go:214.18,216.3 1 0
github.com/linkerlin/godis/aof/aof.go:216.8,218.3 1 0
github.com/linkerlin/godis/aof/aof.go:219.2,221.20 3 0
github.com/linkerlin/godis/aof/aof.go:221.20,222.19 1 0
github.com/linkerlin/godis/aof/aof.go:222.19,223.23 1 0
github.com/linkerlin/godis/aof/aof.go:223.23,224.10 1 0
github.com/linkerlin/godis/aof/aof.go:226.4,227.12 2 0
github.com/linkerlin/godis/aof/aof.go:229.3,229.20 1 0
github.com/linkerlin/godis/aof/aof.go:229.20,231.12 2 0
github.com/linkerlin/godis/aof/aof.go:233.3,234.10 2 0
github.com/linkerlin/godis/aof/aof.go:234.10,236.12 2 0
github.com/linkerlin/godis/aof/aof.go:238.3,239.33 2 0
github.com/linkerlin/godis/aof/aof.go:239.33,241.4 1 0
github.com/linkerlin/godis/aof/aof.go:242.3,242.53 1 0
github.com/linkerlin/godis/aof/aof.go:242.53,245.18 2 0
github.com/linkerlin/godis/aof/aof.go:245.18,247.5 1 0
github.com/linkerlin/godis/aof/aof.go:253.37,255.49 2 0
github.com/linkerlin/godis/aof/aof.go:255.49,257.3 1 0
github.com/linkerlin/godis/aof/aof.go:258.2,258.31 1 0
github.com/linkerlin/godis/aof/aof.go:262.37,263.22 1 0
github.com/linkerlin/godis/aof/aof.go:263.22,265.3 1 0
github.com/linkerlin/godis/aof/aof.go:266.2,266.30 1 0
github.com/linkerlin/godis/aof/aof.go:266.30,270.17 4 0
github.com/linkerlin/godis/aof/aof.go:270.17,272.4 1 0
github.com/linkerlin/godis/aof/aof.go:274.2,274.20 1 0
github.com/linkerlin/godis/aof/aof.go:278.60,279.50 1 0
github.com/linkerlin/godis/aof/aof.go:279.50,283.3 1 0
github.com/linkerlin/godis/aof/aof.go:285.2,292.55 2 0
github.com/linkerlin/godis/aof/aof.go:292.55,294.3 1 0
github.com/linkerlin/godis/aof/aof.go:296.2,296.14 1 0
github.com/linkerlin/godis/aof/aof.go:300.48,302.12 2 0
github.com/linkerlin/godis/aof/aof.go:302.12,303.7 1 0
github.com/linkerlin/godis/aof/aof.go:303.7,304.11 1 0
github.com/linkerlin/godis/aof/aof.go:305.20,306.22 1 0
github.com/linkerlin/godis/aof/aof.go:307.32,308.11 1 0
github.com/linkerlin/godis/aof/aof.go:314.64,320.51 4 0
github.com/linkerlin/godis/aof/aof.go:320.51,324.17 3 0
github.com/linkerlin/godis/aof/aof.go:324.17,326.4 1 0
github.com/linkerlin/godis/aof/aof.go:328.3,328.98 1 0
github.com/linkerlin/godis/aof/aof.go:328.98,330.18 2 0
github.com/linkerlin/godis/aof/aof.go:330.18,332.5 1 0
github.com/linkerlin/godis/aof/aof.go:333.4,333.25 1 0
github.com/linkerlin/godis/aof/aof.go:333.25,335.19 2 0
github.com/linkerlin/godis/aof/aof.go:335.19,337.6 1 0
github.com/linkerlin/godis/aof/aof.go:339.4,339.15 1 0
github.com/linkerlin/godis/aof/aof.go:342.2,342.12 1 0
github.com/linkerlin/godis/aof/marshal.go:16.84,17.19 1 0
github.com/linkerlin/godis/aof/marshal.go:17.19,19.3 1 0
github.com/linkerlin/godis/aof/marshal.go:20.2,21.35 2 0
github.com/linkerlin/godis/aof/marshal.go:22.14,23.30 1 0
github.com/linkerlin/godis/aof/marshal.go:24.17,25.28 1 0
github.com/linkerlin/godis/aof/marshal.go:26.16,27.27 1 0
github.com/linkerlin/godis/aof/marshal.go:28.17,29.28 1 0
github.com/linkerlin/godis/aof/marshal.go:30.28,31.28 1 0
github.com/linkerlin/godis/aof/marshal.go:33.2,33.12 1 0
github.com/linkerlin/godis/aof/marshal.go:38.69,44.2 5 0
github.com/linkerlin/godis/aof/marshal.go:48.69,52.49 4 0
github.com/linkerlin/godis/aof/marshal.go:52.49,56.3 3 0
github.com/linkerlin/godis/aof/marshal.go:57.2,57.42 1 0
github.com/linkerlin/godis/aof/marshal.go:62.66,67.36 5 0
github.com/linkerlin/godis/aof/marshal.go:67.36,71.3 3 0
github.com/linkerlin/godis/aof/marshal.go:72.2,72.42 1 0
github.com/linkerlin/godis/aof/marshal.go:77.69,82.56 5 0
github.com/linkerlin/godis/aof/marshal.go:82.56,88.3 5 0
github.com/linkerlin/godis/aof/marshal.go:89.2,89.42 1 0
github.com/linkerlin/godis/aof/marshal.go:94.80,99.94 5 0
github.com/linkerlin/godis/aof/marshal.go:99.94,105.3 5 0
github.com/linkerlin/godis/aof/marshal.go:106.2,106.42 1 0
github.com/linkerlin/godis/aof/marshal.go:112.77,118.2 5 0
github.com/linkerlin/godis/aof/rdb.go:20.67,21.55 1 0
github.com/linkerlin/godis/aof/rdb.go:21.55,23.3 1 0
github.com/linkerlin/godis/aof/rdb.go:24.2,25.49 2 0
github.com/linkerlin/godis/aof/rdb.go:28.73,30.16 2 0
github.com/linkerlin/godis/aof/rdb.go:30.16,32.3 1 0
github.com/linkerlin/godis/aof/rdb.go:33.2,34.16 2 0
github.com/linkerlin/godis/aof/rdb.go:34.16,36.3 1 0
github.com/linkerlin/godis/aof/rdb.go:37.2,38.16 2 0
github.com/linkerlin/godis/aof/rdb.go:38.16,40.3 1 0
github.com/linkerlin/godis/aof/rdb.go:41.2,42.16 2 0
github.com/linkerlin/godis/aof/rdb.go:42.16,44.3 1 0
github.com/linkerlin/godis/aof/rdb.go:45.2,45.12 1 0
github.com/linkerlin/godis/aof/rdb.go:51.113,52.55 1 0
github.com/linkerlin/godis/aof/rdb.go:52.55,54.3 1 0
github.com/linkerlin/godis/aof/rdb.go:55.2,58.16 3 0
github.com/linkerlin/godis/aof/rdb.go:58.16,60.3 1 0
github.com/linkerlin/godis/aof/rdb.go:62.2,63.16 2 0
github.com/linkerlin/godis/aof/rdb.go:63.16,65.3 1 0
github.com/linkerlin/godis/aof/rdb.go:66.2,67.16 2 0
github.com/linkerlin/godis/aof/rdb.go:67.16,69.3 1 0
github.com/linkerlin/godis/aof/rdb.go:70.2,71.16 2 0
github.com/linkerlin/godis/aof/rdb.go:71.16,73.3 1 0
github.com/linkerlin/godis/aof/rdb.go:74.2,74.12 1 0
github.com/linkerlin/godis/aof/rdb.go:77.102,82.16 4 0
github.com/linkerlin/godis/aof/rdb.go:82.16,85.3 2 0
github.com/linkerlin/godis/aof/rdb.go:88.2,92.16 4 0
github.com/linkerlin/godis/aof/rdb.go:92.16,95.3 2 0
github.com/linkerlin/godis/aof/rdb.go:96.2,96.24 1 0
github.com/linkerlin/godis/aof/rdb.go:96.24,98.3 1 0
github.com/linkerlin/godis/aof/rdb.go:99.2,99.17 1 0
github.com/linkerlin/godis/aof/rdb.go:99.17,101.3 1 0
github.com/linkerlin/godis/aof/rdb.go:102.2,105.8 1 0
github.com/linkerlin/godis/aof/rdb.go:109.64,116.16 5 0
github.com/linkerlin/godis/aof/rdb.go:116.16,118.3 1 0
github.com/linkerlin/godis/aof/rdb.go:119.2,127.41 2 0
github.com/linkerlin/godis/aof/rdb.go:127.41,129.3 1 0
github.com/linkerlin/godis/aof/rdb.go:131.2,131.27 1 0
github.com/linkerlin/godis/aof/rdb.go:131.27,133.17 2 0
github.com/linkerlin/godis/aof/rdb.go:133.17,135.4 1 0
github.com/linkerlin/godis/aof/rdb.go:138.2,138.51 1 0
github.com/linkerlin/godis/aof/rdb.go:138.51,140.20 2 0
github.com/linkerlin/godis/aof/rdb.go:140.20,141.12 1 0
github.com/linkerlin/godis/aof/rdb.go:143.3,144.17 2 0
github.com/linkerlin/godis/aof/rdb.go:144.17,146.4 1 0
github.com/linkerlin/godis/aof/rdb.go:148.3,149.102 2 0
github.com/linkerlin/godis/aof/rdb.go:149.102,151.25 2 0
github.com/linkerlin/godis/aof/rdb.go:151.25,153.5 1 0
github.com/linkerlin/godis/aof/rdb.go:154.4,154.37 1 0
github.com/linkerlin/godis/aof/rdb.go:155.16,156.55 1 0
github.com/linkerlin/godis/aof/rdb.go:157.19,159.49 2 0
github.com/linkerlin/godis/aof/rdb.go:159.49,163.6 3 0
github.com/linkerlin/godis/aof/rdb.go:164.5,164.54 1 0
github.com/linkerlin/godis/aof/rdb.go:165.18,167.37 2 0
github.com/linkerlin/godis/aof/rdb.go:167.37,170.6 2 0
github.com/linkerlin/godis/aof/rdb.go:171.5,171.53 1 0
github.com/linkerlin/godis/aof/rdb.go:172.19,174.56 2 0
github.com/linkerlin/godis/aof/rdb.go:174.56,178.6 3 0
github.com/linkerlin/godis/aof/rdb.go:179.5,179.57 1 0
github.com/linkerlin/godis/aof/rdb.go:180.30,182.88 2 0
github.com/linkerlin/godis/aof/rdb.go:182.88,188.6 2 0
github.com/linkerlin/godis/aof/rdb.go:189.5,189.57 1 0
github.com/linkerlin/godis/aof/rdb.go:191.4,191.18 1 0
github.com/linkerlin/godis/aof/rdb.go:191.18,194.5 2 0
github.com/linkerlin/godis/aof/rdb.go:195.4,195.15 1 0
github.com/linkerlin/godis/aof/rdb.go:197.3,197.18 1 0
github.com/linkerlin/godis/aof/rdb.go:197.18,199.4 1 0
github.com/linkerlin/godis/aof/rdb.go:201.2,202.16 2 0
github.com/linkerlin/godis/aof/rdb.go:202.16,204.3 1 0
github.com/linkerlin/godis/aof/rdb.go:205.2,205.12 1 0
github.com/linkerlin/godis/aof/rewrite.go:16.60,21.2 4 0
github.com/linkerlin/godis/aof/rewrite.go:31.45,32.55 1 0
github.com/linkerlin/godis/aof/rewrite.go:32.55,34.3 1 0
github.com/linkerlin/godis/aof/rewrite.go:35.2,36.34 2 0
github.com/linkerlin/godis/aof/rewrite.go:40.51,42.16 2 0
github.com/linkerlin/godis/aof/rewrite.go:42.16,44.3 1 0
github.com/linkerlin/godis/aof/rewrite.go:45.2,45.49 1 0
github.com/linkerlin/godis/aof/rewrite.go:45.49,47.3 1 0
github.com/linkerlin/godis/aof/rewrite.go:48.2,48.37 1 0
github.com/linkerlin/godis/aof/rewrite.go:53.68,55.42 1 0
github.com/linkerlin/godis/aof/rewrite.go:55.42,58.3 2 0
github.com/linkerlin/godis/aof/rewrite.go:58.8,61.3 2 0
github.com/linkerlin/godis/aof/rewrite.go:62.2,62.12 1 0
github.com/linkerlin/godis/aof/rewrite.go:66.65,72.16 4 0
github.com/linkerlin/godis/aof/rewrite.go:72.16,75.3 2 0
github.com/linkerlin/godis/aof/rewrite.go:78.2,83.16 4 0
github.com/linkerlin/godis/aof/rewrite.go:83.16,86.3 2 0
github.com/linkerlin/godis/aof/rewrite.go:87.2,91.8 1 0
github.com/linkerlin/godis/aof/rewrite.go:95.66,102.27 5 0
github.com/linkerlin/godis/aof/rewrite.go:102.27,105.17 2 0
github.com/linkerlin/godis/aof/rewrite.go:105.17,109.4 3 0
github.com/linkerlin/godis/aof/rewrite.go:110.3,110.16 1 0
github.com/linkerlin/godis/aof/rewrite.go:110.16,113.4 2 0
github.com/linkerlin/godis/aof/rewrite.go:115.3,116.17 2 0
github.com/linkerlin/godis/aof/rewrite.go:116.17,120.4 3 0
github.com/linkerlin/godis/aof/rewrite.go:122.3,124.17 3 0
github.com/linkerlin/godis/aof/rewrite.go:124.17,128.4 3 0
github.com/linkerlin/godis/aof/rewrite.go:130.3,131.17 2 0
github.com/linkerlin/godis/aof/rewrite.go:131.17,135.4 3 0
github.com/linkerlin/godis/aof/rewrite.go:136.3,136.15 1 0
github.com/linkerlin/godis/aof/rewrite.go:138.2,138.15 1 0
github.com/linkerlin/godis/aof/rewrite.go:138.15,140.3 1 0
github.com/linkerlin/godis/aof/rewrite.go:143.2,144.73 2 0
github.com/linkerlin/godis/aof/rewrite.go:144.73,146.3 1 0
github.com/linkerlin/godis/aof/rewrite.go:148.2,149.16 2 0
github.com/linkerlin/godis/aof/rewrite.go:149.16,151.3 1 0
github.com/linkerlin/godis/aof/rewrite.go:152.2,158.16 4 0
github.com/linkerlin/godis/aof/rewrite.go:158.16,160.3 1 0
github.com/linkerlin/godis/aof/rewrite.go:161.2,161.12 1 0
github.com/linkerlin/godis/aof/rewrite_lock.go:18.48,19.32 1 1
github.com/linkerlin/godis/aof/rewrite_lock.go:19.32,21.3 1 1
github.com/linkerlin/godis/aof/rewrite_lock.go:22.2,22.12 1 1
github.com/linkerlin/godis/aof/rewrite_lock.go:25.42,27.2 1 1
github.com/linkerlin/godis/aof/rewrite_lock.go:30.45,31.47 1 1
github.com/linkerlin/godis/aof/rewrite_lock.go:31.47,33.3 1 1
github.com/linkerlin/godis/aof/rewrite_lock.go:34.2,34.12 1 0
github.com/linkerlin/godis/aof/rewrite_lock.go:34.12,36.43 2 0
github.com/linkerlin/godis/aof/rewrite_lock.go:36.43,38.4 1 0
github.com/linkerlin/godis/aof/rewrite_lock.go:40.2,40.12 1 0
github.com/linkerlin/godis/aof/rewrite_lock.go:44.67,45.47 1 0
github.com/linkerlin/godis/aof/rewrite_lock.go:45.47,47.3 1 0
github.com/linkerlin/godis/aof/rewrite_lock.go:48.2,48.12 1 0
github.com/linkerlin/godis/aof/rewrite_lock.go:48.12,50.58 2 0
github.com/linkerlin/godis/aof/rewrite_lock.go:50.58,52.4 1 0
github.com/linkerlin/godis/aof/rewrite_lock.go:54.2,54.12 1 0
github.com/linkerlin/godis/cluster/raft/fsm.go:86.50,91.56 4 1
github.com/linkerlin/godis/cluster/raft/fsm.go:91.56,94.3 2 0
github.com/linkerlin/godis/cluster/raft/fsm.go:97.2,97.38 1 1
github.com/linkerlin/godis/cluster/raft/fsm.go:97.38,99.18 2 1
github.com/linkerlin/godis/cluster/raft/fsm.go:99.18,102.4 2 0
github.com/linkerlin/godis/cluster/raft/fsm.go:103.3,103.33 1 1
github.com/linkerlin/godis/cluster/raft/fsm.go:104.8,104.46 1 1
github.com/linkerlin/godis/cluster/raft/fsm.go:104.46,106.18 2 1
github.com/linkerlin/godis/cluster/raft/fsm.go:106.18,109.4 2 0
github.com/linkerlin/godis/cluster/raft/fsm.go:110.3,112.44 3 1
github.com/linkerlin/godis/cluster/raft/fsm.go:113.8,113.42 1 1
github.com/linkerlin/godis/cluster/raft/fsm.go:113.42,114.28 1 1
github.com/linkerlin/godis/cluster/raft/fsm.go:114.28,117.4 2 0
github.com/linkerlin/godis/cluster/raft/fsm.go:118.3,118.35 1 1
github.com/linkerlin/godis/cluster/raft/fsm.go:118.35,121.4 2 0
github.com/linkerlin/godis/cluster/raft/fsm.go:122.3,123.49 2 1
github.com/linkerlin/godis/cluster/raft/fsm.go:123.49,126.4 2 1
github.com/linkerlin/godis/cluster/raft/fsm.go:127.3,128.41 2 1
github.com/linkerlin/godis/cluster/raft/fsm.go:129.8,129.47 1 1
github.com/linkerlin/godis/cluster/raft/fsm.go:129.47,131.18 2 1
github.com/linkerlin/godis/cluster/raft/fsm.go:131.18,134.4 2 0
github.com/linkerlin/godis/cluster/raft/fsm.go:136.3,140.33 5 1
github.com/linkerlin/godis/cluster/raft/fsm.go:141.8,141.37 1 1
github.com/linkerlin/godis/cluster/raft/fsm.go:141.37,143.18 2 1
github.com/linkerlin/godis/cluster/raft/fsm.go:143.18,146.4 2 0
github.com/linkerlin/godis/cluster/raft/fsm.go:147.3,147.40 1 1
github.com/linkerlin/godis/cluster/raft/fsm.go:149.2,149.24 1 1
github.com/linkerlin/godis/cluster/raft/fsm.go:149.24,151.3 1 0
github.com/linkerlin/godis/cluster/raft/fsm.go:152.2,152.12 1 1
github.com/linkerlin/godis/cluster/raft/fsm.go:162.68,163.22 1 1
github.com/linkerlin/godis/cluster/raft/fsm.go:163.22,165.17 2 1
github.com/linkerlin/godis/cluster/raft/fsm.go:165.17,167.4 1 0
github.com/linkerlin/godis/cluster/raft/fsm.go:168.3,169.17 2 1
github.com/linkerlin/godis/cluster/raft/fsm.go:169.17,171.4 1 0
github.com/linkerlin/godis/cluster/raft/fsm.go:172.3,172.22 1 1
github.com/linkerlin/godis/cluster/raft/fsm.go:174.2,174.16 1 1
github.com/linkerlin/godis/cluster/raft/fsm.go:174.16,176.3 1 0
github.com/linkerlin/godis/cluster/raft/fsm.go:177.2,177.12 1 1
github.com/linkerlin/godis/cluster/raft/fsm.go:180.41,180.42 0 1
github.com/linkerlin/godis/cluster/raft/fsm.go:182.54,186.34 4 1
github.com/linkerlin/godis/cluster/raft/fsm.go:186.34,188.3 1 1
github.com/linkerlin/godis/cluster/raft/fsm.go:189.2,190.35 2 1
github.com/linkerlin/godis/cluster/raft/fsm.go:190.35,192.3 1 1
github.com/linkerlin/godis/cluster/raft/fsm.go:193.2,194.37 2 1
github.com/linkerlin/godis/cluster/raft/fsm.go:194.37,196.3 1 1
github.com/linkerlin/godis/cluster/raft/fsm.go:197.2,201.8 1 1
github.com/linkerlin/godis/cluster/raft/fsm.go:204.50,208.16 4 1
github.com/linkerlin/godis/cluster/raft/fsm.go:208.16,210.3 1 0
github.com/linkerlin/godis/cluster/raft/fsm.go:211.2,213.16 3 1
github.com/linkerlin/godis/cluster/raft/fsm.go:213.16,215.3 1 0
github.com/linkerlin/godis/cluster/raft/fsm.go:216.2,220.45 5 1
github.com/linkerlin/godis/cluster/raft/fsm.go:220.45,222.3 1 1
github.com/linkerlin/godis/cluster/raft/fsm.go:223.2,223.52 1 1
github.com/linkerlin/godis/cluster/raft/fsm.go:223.52,224.39 1 1
github.com/linkerlin/godis/cluster/raft/fsm.go:224.39,226.4 1 1
github.com/linkerlin/godis/cluster/raft/fsm.go:228.2,228.24 1 1
github.com/linkerlin/godis/cluster/raft/fsm.go:228.24,230.3 1 0
github.com/linkerlin/godis/cluster/raft/fsm.go:231.2,231.12 1 1
github.com/linkerlin/godis/cluster/raft/fsm_utils.go:9.46,13.2 3 0
github.com/linkerlin/godis/cluster/raft/fsm_utils.go:16.49,20.2 3 1
github.com/linkerlin/godis/cluster/raft/fsm_utils.go:22.64,26.2 3 0
github.com/linkerlin/godis/cluster/raft/fsm_utils.go:28.57,29.31 1 1
github.com/linkerlin/godis/cluster/raft/fsm_utils.go:29.31,31.69 1 1
github.com/linkerlin/godis/cluster/raft/fsm_utils.go:31.69,33.4 1 1
github.com/linkerlin/godis/cluster/raft/fsm_utils.go:34.3,34.86 1 1
github.com/linkerlin/godis/cluster/raft/fsm_utils.go:34.86,38.4 1 1
github.com/linkerlin/godis/cluster/raft/fsm_utils.go:40.3,40.33 1 1
github.com/linkerlin/godis/cluster/raft/fsm_utils.go:44.60,45.31 1 1
github.com/linkerlin/godis/cluster/raft/fsm_utils.go:45.31,47.69 1 1
github.com/linkerlin/godis/cluster/raft/fsm_utils.go:47.69,47.114 1 1
github.com/linkerlin/godis/cluster/raft/fsm_utils.go:49.3,49.84 1 1
github.com/linkerlin/godis/cluster/raft/fsm_utils.go:49.84,51.4 1 1
github.com/linkerlin/godis/cluster/raft/fsm_utils.go:53.3,53.38 1 1
github.com/linkerlin/godis/cluster/raft/fsm_utils.go:53.38,55.4 1 1
github.com/linkerlin/godis/cluster/raft/fsm_utils.go:59.59,63.34 3 1
github.com/linkerlin/godis/cluster/raft/fsm_utils.go:63.34,64.27 1 1
github.com/linkerlin/godis/cluster/raft/fsm_utils.go:64.27,67.4 2 0
github.com/linkerlin/godis/cluster/raft/fsm_utils.go:70.2,79.3 5 1
github.com/linkerlin/godis/cluster/raft/fsm_utils.go:84.45,86.34 2 1
github.com/linkerlin/godis/cluster/raft/fsm_utils.go:86.34,88.3 1 1
github.com/linkerlin/godis/cluster/raft/fsm_utils.go:89.2,89.15 1 1
github.com/linkerlin/godis/cluster/raft/fsm_utils.go:92.52,93.20 1 1
github.com/linkerlin/godis/cluster/raft/fsm_utils.go:93.20,97.3 1 1
github.com/linkerlin/godis/cluster/raft/fsm_utils.go:97.8,99.20 2 1
github.com/linkerlin/godis/cluster/raft/fsm_utils.go:99.20,101.4 1 1
github.com/linkerlin/godis/cluster/raft/fsm_utils.go:102.3,103.39 2 1
github.com/linkerlin/godis/cluster/raft/fsm_utils.go:103.39,104.19 1 1
github.com/linkerlin/godis/cluster/raft/fsm_utils.go:104.19,106.10 2 0
github.com/linkerlin/godis/cluster/raft/fsm_utils.go:109.3,109.14 1 1
github.com/linkerlin/godis/cluster/raft/fsm_utils.go:109.14,111.4 1 1
github.com/linkerlin/godis/cluster/raft/fsm_utils.go:112.3,112.34 1 1
github.com/linkerlin/godis/cluster/raft/fsm_utils.go:114.2,114.12 1 1
github.com/linkerlin/godis/cluster/raft/raft.go:40.36,42.2 1 1
github.com/linkerlin/godis/cluster/raft/raft.go:48.48,49.33 1 0
github.com/linkerlin/godis/cluster/raft/raft.go:49.33,51.3 1 0
github.com/linkerlin/godis/cluster/raft/raft.go:52.2,54.26 3 0
github.com/linkerlin/godis/cluster/raft/raft.go:54.26,57.3 1 0
github.com/linkerlin/godis/cluster/raft/raft.go:58.2,62.16 4 0
github.com/linkerlin/godis/cluster/raft/raft.go:62.16,64.3 1 0
github.com/linkerlin/godis/cluster/raft/raft.go:65.2,66.16 2 0
github.com/linkerlin/godis/cluster/raft/raft.go:66.16,68.3 1 0
github.com/linkerlin/godis/cluster/raft/raft.go:70.2,70.52 1 0
github.com/linkerlin/godis/cluster/raft/raft.go:70.52,72.3 1 0
github.com/linkerlin/godis/cluster/raft/raft.go:74.2,75.16 2 0
github.com/linkerlin/godis/cluster/raft/raft.go:75.16,77.3 1 0
github.com/linkerlin/godis/cluster/raft/raft.go:79.2,82.16 2 0
github.com/linkerlin/godis/cluster/raft/raft.go:82.16,84.3 1 0
github.com/linkerlin/godis/cluster/raft/raft.go:86.2,98.16 5 0
github.com/linkerlin/godis/cluster/raft/raft.go:98.16,100.3 1 0
github.com/linkerlin/godis/cluster/raft/raft.go:101.2,111.18 3 0
github.com/linkerlin/godis/cluster/raft/raft.go:114.52,116.2 1 0
github.com/linkerlin/godis/cluster/raft/raft.go:119.57,129.16 3 0
github.com/linkerlin/godis/cluster/raft/raft.go:129.16,131.3 1 0
github.com/linkerlin/godis/cluster/raft/raft.go:133.2,134.34 2 0
github.com/linkerlin/godis/cluster/raft/raft.go:134.34,135.34 1 0
github.com/linkerlin/godis/cluster/raft/raft.go:135.34,136.9 1 0
github.com/linkerlin/godis/cluster/raft/raft.go:138.3,138.37 1 0
github.com/linkerlin/godis/cluster/raft/raft.go:140.2,140.33 1 0
github.com/linkerlin/godis/cluster/raft/raft.go:140.33,142.3 1 0
github.com/linkerlin/godis/cluster/raft/raft.go:144.2,148.12 2 0
github.com/linkerlin/godis/cluster/raft/raft.go:151.33,153.27 2 0
github.com/linkerlin/godis/cluster/raft/raft.go:153.27,155.3 1 0
github.com/linkerlin/godis/cluster/raft/raft.go:156.2,156.55 1 0
github.com/linkerlin/godis/cluster/raft/raft.go:160.63,162.45 2 0
github.com/linkerlin/godis/cluster/raft/raft.go:162.45,164.3 1 0
github.com/linkerlin/godis/cluster/raft/raft.go:165.2,166.59 2 0
github.com/linkerlin/godis/cluster/raft/raft.go:166.59,167.19 1 0
github.com/linkerlin/godis/cluster/raft/raft.go:167.19,169.4 1 0
github.com/linkerlin/godis/cluster/raft/raft.go:171.2,172.23 2 0
github.com/linkerlin/godis/cluster/raft/raft.go:175.55,177.45 2 0
github.com/linkerlin/godis/cluster/raft/raft.go:177.45,179.3 1 0
github.com/linkerlin/godis/cluster/raft/raft.go:180.2,181.59 2 0
github.com/linkerlin/godis/cluster/raft/raft.go:181.59,182.19 1 0
github.com/linkerlin/godis/cluster/raft/raft.go:182.19,184.18 2 0
github.com/linkerlin/godis/cluster/raft/raft.go:184.18,186.5 1 0
github.com/linkerlin/godis/cluster/raft/raft.go:189.2,189.12 1 0
github.com/linkerlin/godis/cluster/raft/raft.go:192.60,194.16 2 0
github.com/linkerlin/godis/cluster/raft/raft.go:194.16,196.3 1 0
github.com/linkerlin/godis/cluster/raft/raft.go:197.2,199.16 3 0
github.com/linkerlin/godis/cluster/raft/raft.go:199.16,201.3 1 0
github.com/linkerlin/godis/cluster/raft/raft.go:202.2,202.28 1 0
github.com/linkerlin/godis/cluster/raft/raft.go:206.32,207.36 1 0
github.com/linkerlin/godis/cluster/raft/raft.go:207.36,209.46 2 0
github.com/linkerlin/godis/cluster/raft/raft.go:209.46,211.38 2 0
github.com/linkerlin/godis/cluster/raft/raft.go:211.38,213.5 1 0
github.com/linkerlin/godis/cluster/raft/raft.go:220.60,223.2 2 0
github.com/linkerlin/godis/cluster/raft/utils.go:10.33,12.2 1 0
github.com/linkerlin/godis/cluster/raft/utils.go:14.42,16.2 1 0
github.com/linkerlin/godis/cluster/raft/utils.go:18.52,22.2 3 0
github.com/linkerlin/godis/cluster/raft/utils.go:24.50,28.2 2 0
github.com/linkerlin/godis/cluster/raft/utils.go:30.53,32.45 2 0
github.com/linkerlin/godis/cluster/raft/utils.go:32.45,34.3 1 0
github.com/linkerlin/godis/cluster/raft/utils.go:35.2,35.50 1 0
github.com/linkerlin/godis/cluster/raft/utils.go:38.53,42.2 3 0
github.com/linkerlin/godis/cluster/core/cluster_cmd.go:13.85,14.22 1 0
github.com/linkerlin/godis/cluster/core/cluster_cmd.go:14.22,16.3 1 0
github.com/linkerlin/godis/cluster/core/cluster_cmd.go:18.2,20.16 2 0
github.com/linkerlin/godis/cluster/core/cluster_cmd.go:21.15,22.35 1 0
github.com/linkerlin/godis/cluster/core/cluster_cmd.go:23.14,24.34 1 0
github.com/linkerlin/godis/cluster/core/cluster_cmd.go:25.15,26.35 1 0
github.com/linkerlin/godis/cluster/core/cluster_cmd.go:27.17,28.23 1 0
github.com/linkerlin/godis/cluster/core/cluster_cmd.go:28.23,30.4 1 0
github.com/linkerlin/godis/cluster/core/cluster_cmd.go:31.3,31.57 1 0
github.com/linkerlin/godis/cluster/core/cluster_cmd.go:32.14,33.27 1 0
github.com/linkerlin/godis/cluster/core/cluster_cmd.go:34.10,35.83 1 0
github.com/linkerlin/godis/cluster/core/cluster_cmd.go:40.53,49.2 4 0
github.com/linkerlin/godis/cluster/core/cluster_cmd.go:52.52,66.2 12 0
github.com/linkerlin/godis/cluster/core/cluster_cmd.go:69.53,93.2 9 0
github.com/linkerlin/godis/cluster/core/cluster_cmd.go:96.67,99.2 2 0
github.com/linkerlin/godis/cluster/core/cluster_cmd.go:102.36,117.25 3 0
github.com/linkerlin/godis/cluster/core/cluster_cmd.go:117.25,119.3 1 0
github.com/linkerlin/godis/cluster/core/cluster_cmd.go:120.2,120.43 1 0
github.com/linkerlin/godis/cluster/core/cluster_cmd.go:124.45,126.21 2 0
github.com/linkerlin/godis/cluster/core/cluster_cmd.go:126.21,128.3 1 0
github.com/linkerlin/godis/cluster/core/cluster_cmd.go:129.2,130.15 2 0
github.com/linkerlin/godis/cluster/core/cluster_cmd.go:130.15,132.3 1 0
github.com/linkerlin/godis/cluster/core/cluster_cmd.go:133.2,133.23 1 0
github.com/linkerlin/godis/cluster/core/cluster_cmd.go:136.13,138.2 1 1
github.com/linkerlin/godis/cluster/core/command.go:25.44,28.2 2 1
github.com/linkerlin/godis/cluster/core/command.go:31.89,32.15 1 0
github.com/linkerlin/godis/cluster/core/command.go:32.15,33.35 1 0
github.com/linkerlin/godis/cluster/core/command.go:33.35,36.4 2 0
github.com/linkerlin/godis/cluster/core/command.go:39.2,42.23 3 0
github.com/linkerlin/godis/cluster/core/command.go:42.23,44.3 1 0
github.com/linkerlin/godis/cluster/core/command.go:45.2,45.23 1 0
github.com/linkerlin/godis/cluster/core/command.go:45.23,47.3 1 0
github.com/linkerlin/godis/cluster/core/command.go:48.2,48.25 1 0
github.com/linkerlin/godis/cluster/core/command.go:48.25,51.3 2 0
github.com/linkerlin/godis/cluster/core/command.go:53.2,53.23 1 0
github.com/linkerlin/godis/cluster/core/command.go:53.23,54.54 1 0
github.com/linkerlin/godis/cluster/core/command.go:54.54,56.4 1 0
github.com/linkerlin/godis/cluster/core/command.go:59.2,59.26 1 0
github.com/linkerlin/godis/cluster/core/command.go:59.26,61.3 1 0
github.com/linkerlin/godis/cluster/core/command.go:63.2,63.25 1 0
github.com/linkerlin/godis/cluster/core/command.go:63.25,65.3 1 0
github.com/linkerlin/godis/cluster/core/command.go:66.2,67.9 2 0
github.com/linkerlin/godis/cluster/core/command.go:67.9,69.3 1 0
github.com/linkerlin/godis/cluster/core/command.go:70.2,72.13 3 0
github.com/linkerlin/godis/cluster/core/command.go:76.47,77.41 1 0
github.com/linkerlin/godis/cluster/core/command.go:77.41,79.3 1 0
github.com/linkerlin/godis/cluster/core/command.go:80.2,80.57 1 0
github.com/linkerlin/godis/cluster/core/command.go:83.38,85.2 1 0
github.com/linkerlin/godis/cluster/core/command.go:88.83,92.30 4 0
github.com/linkerlin/godis/cluster/core/command.go:92.30,96.3 1 0
github.com/linkerlin/godis/cluster/core/command.go:97.2,97.37 1 0
github.com/linkerlin/godis/cluster/core/connection.go:47.37,51.2 1 0
github.com/linkerlin/godis/cluster/core/connection.go:54.89,56.16 2 0
github.com/linkerlin/godis/cluster/core/connection.go:56.16,58.3 1 0
github.com/linkerlin/godis/cluster/core/connection.go:59.2,61.41 2 0
github.com/linkerlin/godis/cluster/core/connection.go:61.41,63.36 2 0
github.com/linkerlin/godis/cluster/core/connection.go:63.36,65.4 1 0
github.com/linkerlin/godis/cluster/core/connection.go:67.2,67.15 1 0
github.com/linkerlin/godis/cluster/core/connection.go:71.92,74.9 3 0
github.com/linkerlin/godis/cluster/core/connection.go:74.9,75.42 1 0
github.com/linkerlin/godis/cluster/core/connection.go:75.42,77.4 1 0
github.com/linkerlin/godis/cluster/core/connection.go:78.3,78.36 1 0
github.com/linkerlin/godis/cluster/core/connection.go:78.36,81.11 3 0
github.com/linkerlin/godis/cluster/core/connection.go:81.11,83.5 1 0
github.com/linkerlin/godis/cluster/core/connection.go:84.4,84.15 1 0
github.com/linkerlin/godis/cluster/core/connection.go:86.3,87.56 2 0
github.com/linkerlin/godis/cluster/core/connection.go:88.8,90.3 1 0
github.com/linkerlin/godis/cluster/core/connection.go:91.2,92.16 2 0
github.com/linkerlin/godis/cluster/core/connection.go:92.16,94.3 1 0
github.com/linkerlin/godis/cluster/core/connection.go:95.2,96.9 2 0
github.com/linkerlin/godis/cluster/core/connection.go:96.9,98.3 1 0
github.com/linkerlin/godis/cluster/core/connection.go:99.2,99.18 1 0
github.com/linkerlin/godis/cluster/core/connection.go:102.66,105.2 2 0
github.com/linkerlin/godis/cluster/core/connection.go:108.84,110.9 2 0
github.com/linkerlin/godis/cluster/core/connection.go:110.9,112.3 1 0
github.com/linkerlin/godis/cluster/core/connection.go:113.2,114.12 2 0
github.com/linkerlin/godis/cluster/core/connection.go:122.53,124.2 1 0
github.com/linkerlin/godis/cluster/core/connection.go:126.35,128.2 1 0
github.com/linkerlin/godis/cluster/core/connection.go:130.102,133.16 2 0
github.com/linkerlin/godis/cluster/core/connection.go:133.16,135.3 1 0
github.com/linkerlin/godis/cluster/core/connection.go:136.2,137.49 2 0
github.com/linkerlin/godis/cluster/core/connection.go:137.49,140.17 3 0
github.com/linkerlin/godis/cluster/core/connection.go:140.17,142.4 1 0
github.com/linkerlin/godis/cluster/core/connection.go:143.3,144.22 2 0
github.com/linkerlin/godis/cluster/core/connection.go:144.22,146.4 1 0
github.com/linkerlin/godis/cluster/core/connection.go:147.3,147.19 1 0
github.com/linkerlin/godis/cluster/core/connection.go:149.2,149.41 1 0
github.com/linkerlin/godis/cluster/core/connection.go:149.41,151.36 2 0
github.com/linkerlin/godis/cluster/core/connection.go:151.36,153.4 1 0
github.com/linkerlin/godis/cluster/core/connection.go:155.2,157.16 3 0
github.com/linkerlin/godis/cluster/core/connection.go:157.16,159.3 1 0
github.com/linkerlin/godis/cluster/core/connection.go:160.2,163.8 1 0
github.com/linkerlin/godis/cluster/core/connection.go:166.54,170.2 1 0
github.com/linkerlin/godis/cluster/core/connection.go:172.52,173.73 1 0
github.com/linkerlin/godis/cluster/core/connection.go:173.73,176.3 2 0
github.com/linkerlin/godis/cluster/core/connection.go:177.2,177.12 1 0
github.com/linkerlin/godis/cluster/core/connection_inmem.go:16.58,20.2 1 0
github.com/linkerlin/godis/cluster/core/connection_inmem.go:28.46,30.2 1 0
github.com/linkerlin/godis/cluster/core/connection_inmem.go:33.55,36.2 2 0
github.com/linkerlin/godis/cluster/core/connection_inmem.go:43.55,45.2 1 0
github.com/linkerlin/godis/cluster/core/connection_inmem.go:47.37,49.2 1 0
github.com/linkerlin/godis/cluster/core/connection_inmem.go:51.91,59.2 4 0
github.com/linkerlin/godis/cluster/core/connection_inmem.go:61.94,63.2 1 0
github.com/linkerlin/godis/cluster/core/connection_inmem.go:65.86,67.2 1 0
github.com/linkerlin/godis/cluster/core/connection_inmem.go:69.104,80.2 7 0
github.com/linkerlin/godis/cluster/core/connection_inmem.go:82.54,84.2 1 0
github.com/linkerlin/godis/cluster/core/core.go:48.35,49.23 1 0
github.com/linkerlin/godis/cluster/core/core.go:49.23,51.3 1 0
github.com/linkerlin/godis/cluster/core/core.go:52.2,52.28 1 0
github.com/linkerlin/godis/cluster/core/core.go:55.48,57.31 2 0
github.com/linkerlin/godis/cluster/core/core.go:57.31,59.3 1 0
github.com/linkerlin/godis/cluster/core/core.go:59.8,61.3 1 0
github.com/linkerlin/godis/cluster/core/core.go:62.2,63.16 2 0
github.com/linkerlin/godis/cluster/core/core.go:63.16,65.3 1 0
github.com/linkerlin/godis/cluster/core/core.go:66.2,67.16 2 0
github.com/linkerlin/godis/cluster/core/core.go:67.16,69.3 1 0
github.com/linkerlin/godis/cluster/core/core.go:71.2,84.52 3 0
github.com/linkerlin/godis/cluster/core/core.go:84.52,86.3 1 0
github.com/linkerlin/godis/cluster/core/core.go:87.2,87.48 1 0
github.com/linkerlin/godis/cluster/core/core.go:87.48,89.3 1 0
github.com/linkerlin/godis/cluster/core/core.go:90.2,96.16 5 0
github.com/linkerlin/godis/cluster/core/core.go:96.16,98.3 1 0
github.com/linkerlin/godis/cluster/core/core.go:99.2,99.15 1 0
github.com/linkerlin/godis/cluster/core/core.go:99.15,100.22 1 0
github.com/linkerlin/godis/cluster/core/core.go:100.22,102.18 2 0
github.com/linkerlin/godis/cluster/core/core.go:102.18,104.5 1 0
github.com/linkerlin/godis/cluster/core/core.go:105.9,108.18 2 0
github.com/linkerlin/godis/cluster/core/core.go:108.18,110.5 1 0
github.com/linkerlin/godis/cluster/core/core.go:111.4,113.24 3 0
github.com/linkerlin/godis/cluster/core/core.go:113.24,115.5 1 0
github.com/linkerlin/godis/cluster/core/core.go:116.4,118.58 3 0
github.com/linkerlin/godis/cluster/core/core.go:118.58,120.5 1 0
github.com/linkerlin/godis/cluster/core/core.go:122.8,124.23 2 0
github.com/linkerlin/godis/cluster/core/core.go:124.23,126.18 2 0
github.com/linkerlin/godis/cluster/core/core.go:126.18,128.5 1 0
github.com/linkerlin/godis/cluster/core/core.go:133.2,136.21 3 0
github.com/linkerlin/godis/cluster/core/core.go:140.62,142.2 1 0
github.com/linkerlin/godis/cluster/core/core.go:144.33,148.16 4 0
github.com/linkerlin/godis/cluster/core/core.go:148.16,150.3 1 0
github.com/linkerlin/godis/cluster/core/core.go:154.61,156.2 1 0
github.com/linkerlin/godis/cluster/core/cron.go:10.39,11.27 1 0
github.com/linkerlin/godis/cluster/core/cron.go:11.27,13.3 1 0
github.com/linkerlin/godis/cluster/core/cron.go:14.2,16.6 3 0
github.com/linkerlin/godis/cluster/core/cron.go:16.6,17.10 1 0
github.com/linkerlin/godis/cluster/core/cron.go:18.19,19.47 1 0
github.com/linkerlin/godis/cluster/core/cron.go:19.47,20.51 1 0
github.com/linkerlin/godis/cluster/core/cron.go:20.51,22.16 1 0
github.com/linkerlin/godis/cluster/core/cron.go:22.16,26.7 3 0
github.com/linkerlin/godis/cluster/core/cron.go:28.10,30.5 1 0
github.com/linkerlin/godis/cluster/core/cron.go:31.28,33.10 2 0
github.com/linkerlin/godis/cluster/core/migration.go:23.13,27.2 3 1
github.com/linkerlin/godis/cluster/core/migration.go:51.38,56.2 1 0
github.com/linkerlin/godis/cluster/core/migration.go:58.60,62.17 4 0
github.com/linkerlin/godis/cluster/core/migration.go:62.17,64.3 1 0
github.com/linkerlin/godis/cluster/core/migration.go:65.2,69.17 4 0
github.com/linkerlin/godis/cluster/core/migration.go:69.17,71.3 1 0
github.com/linkerlin/godis/cluster/core/migration.go:72.2,78.13 3 0
github.com/linkerlin/godis/cluster/core/migration.go:81.60,84.34 3 0
github.com/linkerlin/godis/cluster/core/migration.go:84.34,86.3 1 0
github.com/linkerlin/godis/cluster/core/migration.go:87.2,90.12 4 0
github.com/linkerlin/godis/cluster/core/migration.go:93.51,97.2 3 0
github.com/linkerlin/godis/cluster/core/migration.go:99.48,103.17 4 0
github.com/linkerlin/godis/cluster/core/migration.go:103.17,105.3 1 0
github.com/linkerlin/godis/cluster/core/migration.go:106.2,109.42 4 0
github.com/linkerlin/godis/cluster/core/migration.go:109.42,112.3 2 0
github.com/linkerlin/godis/cluster/core/migration.go:113.2,115.34 3 0
github.com/linkerlin/godis/cluster/core/migration.go:118.48,119.67 1 0
github.com/linkerlin/godis/cluster/core/migration.go:119.67,125.46 6 0
github.com/linkerlin/godis/cluster/core/migration.go:125.46,127.4 1 0
github.com/linkerlin/godis/cluster/core/migration.go:129.2,129.39 1 0
github.com/linkerlin/godis/cluster/core/migration.go:132.48,133.67 1 0
github.com/linkerlin/godis/cluster/core/migration.go:133.67,139.46 6 0
github.com/linkerlin/godis/cluster/core/migration.go:139.46,142.4 1 0
github.com/linkerlin/godis/cluster/core/migration.go:144.2,144.38 1 0
github.com/linkerlin/godis/cluster/core/migration.go:147.88,148.39 1 0
github.com/linkerlin/godis/cluster/core/migration.go:148.39,150.9 2 0
github.com/linkerlin/godis/cluster/core/migration.go:150.9,155.21 4 0
github.com/linkerlin/godis/cluster/core/migration.go:155.21,158.5 2 0
github.com/linkerlin/godis/cluster/core/migration.go:160.3,160.14 1 0
github.com/linkerlin/godis/cluster/core/migration.go:166.84,167.23 1 0
github.com/linkerlin/godis/cluster/core/migration.go:167.23,169.3 1 0
github.com/linkerlin/godis/cluster/core/migration.go:171.2,173.26 3 0
github.com/linkerlin/godis/cluster/core/migration.go:173.26,175.18 2 0
github.com/linkerlin/godis/cluster/core/migration.go:175.18,177.4 1 0
github.com/linkerlin/godis/cluster/core/migration.go:179.2,179.17 1 0
github.com/linkerlin/godis/cluster/core/migration.go:179.17,181.3 1 0
github.com/linkerlin/godis/cluster/core/migration.go:182.2,183.47 2 0
github.com/linkerlin/godis/cluster/core/migration.go:183.47,186.3 2 0
github.com/linkerlin/godis/cluster/core/migration.go:187.2,190.36 3 0
github.com/linkerlin/godis/cluster/core/migration.go:190.36,193.22 3 0
github.com/linkerlin/godis/cluster/core/migration.go:193.22,195.4 1 0
github.com/linkerlin/godis/cluster/core/migration.go:196.3,197.43 2 0
github.com/linkerlin/godis/cluster/core/migration.go:200.2,201.28 2 0
github.com/linkerlin/godis/cluster/core/migration.go:207.90,208.23 1 0
github.com/linkerlin/godis/cluster/core/migration.go:208.23,210.3 1 0
github.com/linkerlin/godis/cluster/core/migration.go:212.2,215.26 4 0
github.com/linkerlin/godis/cluster/core/migration.go:215.26,217.18 2 0
github.com/linkerlin/godis/cluster/core/migration.go:217.18,219.4 1 0
github.com/linkerlin/godis/cluster/core/migration.go:221.2,221.17 1 0
github.com/linkerlin/godis/cluster/core/migration.go:221.17,223.3 1 0
github.com/linkerlin/godis/cluster/core/migration.go:224.2,228.15 3 0
github.com/linkerlin/godis/cluster/core/migration.go:228.15,229.46 1 0
github.com/linkerlin/godis/cluster/core/migration.go:229.46,233.4 3 0
github.com/linkerlin/godis/cluster/core/migration.go:235.2,235.36 1 0
github.com/linkerlin/godis/cluster/core/migration.go:235.36,241.3 5 0
github.com/linkerlin/godis/cluster/core/migration.go:242.2,246.16 3 0
github.com/linkerlin/godis/cluster/core/migration.go:246.16,248.3 1 0
github.com/linkerlin/godis/cluster/core/migration.go:249.2,251.31 3 0
github.com/linkerlin/godis/cluster/core/migration.go:252.48,253.32 1 0
github.com/linkerlin/godis/cluster/core/migration.go:254.34,255.67 1 0
github.com/linkerlin/godis/cluster/core/migration.go:256.10,257.88 1 0
github.com/linkerlin/godis/cluster/core/migration.go:259.2,262.12 2 0
github.com/linkerlin/godis/cluster/core/migration.go:262.12,263.16 1 0
github.com/linkerlin/godis/cluster/core/migration.go:263.16,264.32 1 0
github.com/linkerlin/godis/cluster/core/migration.go:264.32,266.5 1 0
github.com/linkerlin/godis/cluster/core/migration.go:268.3,268.36 1 0
github.com/linkerlin/godis/cluster/core/migration.go:268.36,270.4 1 0
github.com/linkerlin/godis/cluster/core/migration.go:272.2,273.28 2 0
github.com/linkerlin/godis/cluster/core/migration.go:278.92,279.23 1 0
github.com/linkerlin/godis/cluster/core/migration.go:279.23,281.3 1 0
github.com/linkerlin/godis/cluster/core/migration.go:282.2,285.26 3 0
github.com/linkerlin/godis/cluster/core/migration.go:285.26,287.18 2 0
github.com/linkerlin/godis/cluster/core/migration.go:287.18,289.4 1 0
github.com/linkerlin/godis/cluster/core/migration.go:291.2,291.17 1 0
github.com/linkerlin/godis/cluster/core/migration.go:291.17,293.3 1 0
github.com/linkerlin/godis/cluster/core/migration.go:295.2,299.12 5 0
github.com/linkerlin/godis/cluster/core/migration.go:299.12,300.16 1 0
github.com/linkerlin/godis/cluster/core/migration.go:300.16,301.32 1 0
github.com/linkerlin/godis/cluster/core/migration.go:301.32,303.5 1 0
github.com/linkerlin/godis/cluster/core/migration.go:305.3,305.26 1 0
github.com/linkerlin/godis/cluster/core/migration.go:307.2,307.31 1 0
github.com/linkerlin/godis/cluster/core/migration.go:310.67,314.16 3 0
github.com/linkerlin/godis/cluster/core/migration.go:314.16,316.3 1 0
github.com/linkerlin/godis/cluster/core/migration.go:317.2,323.37 3 0
github.com/linkerlin/godis/cluster/core/migration.go:323.37,324.23 1 0
github.com/linkerlin/godis/cluster/core/migration.go:324.23,326.4 1 0
github.com/linkerlin/godis/cluster/core/migration.go:327.3,327.37 1 0
github.com/linkerlin/godis/cluster/core/migration.go:328.33,329.45 1 0
github.com/linkerlin/godis/cluster/core/migration.go:330.49,331.33 1 0
github.com/linkerlin/godis/cluster/core/migration.go:331.33,333.19 2 0
github.com/linkerlin/godis/cluster/core/migration.go:334.10,338.5 3 0
github.com/linkerlin/godis/cluster/core/migration.go:339.28,343.37 3 0
github.com/linkerlin/godis/cluster/core/migration.go:348.2,349.16 2 0
github.com/linkerlin/godis/cluster/core/migration.go:349.16,351.3 1 0
github.com/linkerlin/godis/cluster/core/migration.go:352.2,355.38 2 0
github.com/linkerlin/godis/cluster/core/migration.go:355.38,356.23 1 0
github.com/linkerlin/godis/cluster/core/migration.go:356.23,358.4 1 0
github.com/linkerlin/godis/cluster/core/migration.go:359.3,359.37 1 0
github.com/linkerlin/godis/cluster/core/migration.go:360.33,361.45 1 0
github.com/linkerlin/godis/cluster/core/migration.go:362.49,363.33 1 0
github.com/linkerlin/godis/cluster/core/migration.go:363.33,365.20 2 0
github.com/linkerlin/godis/cluster/core/migration.go:366.10,370.5 3 0
github.com/linkerlin/godis/cluster/core/migration.go:371.28,375.37 3 0
github.com/linkerlin/godis/cluster/core/migration.go:379.2,379.12 1 0
github.com/linkerlin/godis/cluster/core/node_manager.go:41.13,44.2 2 1
github.com/linkerlin/godis/cluster/core/node_manager.go:48.82,49.22 1 0
github.com/linkerlin/godis/cluster/core/node_manager.go:49.22,51.3 1 0
github.com/linkerlin/godis/cluster/core/node_manager.go:52.2,53.26 2 0
github.com/linkerlin/godis/cluster/core/node_manager.go:53.26,56.17 2 0
github.com/linkerlin/godis/cluster/core/node_manager.go:56.17,58.4 1 0
github.com/linkerlin/godis/cluster/core/node_manager.go:59.3,60.34 2 0
github.com/linkerlin/godis/cluster/core/node_manager.go:63.2,66.16 4 0
github.com/linkerlin/godis/cluster/core/node_manager.go:66.16,68.3 1 0
github.com/linkerlin/godis/cluster/core/node_manager.go:69.2,70.23 2 0
github.com/linkerlin/godis/cluster/core/node_manager.go:70.23,72.3 1 0
github.com/linkerlin/godis/cluster/core/node_manager.go:73.2,80.16 2 0
github.com/linkerlin/godis/cluster/core/node_manager.go:80.16,83.3 1 0
github.com/linkerlin/godis/cluster/core/node_manager.go:86.2,86.31 1 0
github.com/linkerlin/godis/cluster/core/node_manager.go:89.39,93.16 4 0
github.com/linkerlin/godis/cluster/core/node_manager.go:93.16,96.3 2 0
github.com/linkerlin/godis/cluster/core/node_manager.go:97.2,97.28 1 0
github.com/linkerlin/godis/cluster/core/node_manager.go:97.28,99.3 1 0
github.com/linkerlin/godis/cluster/core/node_manager.go:100.2,102.36 2 0
github.com/linkerlin/godis/cluster/core/node_manager.go:102.36,104.17 2 0
github.com/linkerlin/godis/cluster/core/node_manager.go:104.17,106.4 1 0
github.com/linkerlin/godis/cluster/core/node_manager.go:106.9,108.4 1 0
github.com/linkerlin/godis/cluster/core/node_manager.go:115.78,121.16 2 0
github.com/linkerlin/godis/cluster/core/node_manager.go:121.16,123.3 1 0
github.com/linkerlin/godis/cluster/core/node_manager.go:124.2,128.16 4 0
github.com/linkerlin/godis/cluster/core/node_manager.go:128.16,130.3 1 0
github.com/linkerlin/godis/cluster/core/node_manager.go:131.2,133.31 3 0
github.com/linkerlin/godis/cluster/core/node_manager.go:133.31,135.3 1 0
github.com/linkerlin/godis/cluster/core/node_manager.go:136.2,136.53 1 0
github.com/linkerlin/godis/cluster/core/node_manager.go:136.53,138.3 1 0
github.com/linkerlin/godis/cluster/core/node_manager.go:139.2,139.84 1 0
github.com/linkerlin/godis/cluster/core/node_manager.go:142.76,145.56 2 0
github.com/linkerlin/godis/cluster/core/node_manager.go:145.56,149.39 4 0
github.com/linkerlin/godis/cluster/core/node_manager.go:149.39,152.34 3 0
github.com/linkerlin/godis/cluster/core/node_manager.go:152.34,154.5 1 0
github.com/linkerlin/godis/cluster/core/node_manager.go:155.4,155.34 1 0
github.com/linkerlin/godis/cluster/core/node_manager.go:155.34,157.5 1 0
github.com/linkerlin/godis/cluster/core/node_manager.go:160.3,163.78 4 0
github.com/linkerlin/godis/cluster/core/node_manager.go:163.78,165.29 2 0
github.com/linkerlin/godis/cluster/core/node_manager.go:165.29,169.5 3 0
github.com/linkerlin/godis/cluster/core/node_manager.go:170.4,178.40 5 0
github.com/linkerlin/godis/cluster/core/node_manager.go:178.40,183.5 3 0
github.com/linkerlin/godis/cluster/core/node_manager.go:183.10,188.5 3 0
github.com/linkerlin/godis/cluster/core/node_manager.go:189.4,189.41 1 0
github.com/linkerlin/godis/cluster/core/node_manager.go:192.2,192.24 1 0
github.com/linkerlin/godis/cluster/core/node_manager.go:195.75,197.16 2 0
github.com/linkerlin/godis/cluster/core/node_manager.go:197.16,199.3 1 0
github.com/linkerlin/godis/cluster/core/node_manager.go:200.2,202.26 3 0
github.com/linkerlin/godis/cluster/core/node_manager.go:202.26,204.32 2 0
github.com/linkerlin/godis/cluster/core/node_manager.go:205.27,207.29 2 0
github.com/linkerlin/godis/cluster/core/node_manager.go:207.29,209.5 1 0
github.com/linkerlin/godis/cluster/core/node_manager.go:210.35,211.65 1 0
github.com/linkerlin/godis/cluster/core/node_manager.go:212.11,213.78 1 0
github.com/linkerlin/godis/cluster/core/node_manager.go:215.3,215.37 1 0
github.com/linkerlin/godis/cluster/core/node_manager.go:217.2,217.45 1 0
github.com/linkerlin/godis/cluster/core/node_manager.go:222.75,223.29 1 1
github.com/linkerlin/godis/cluster/core/node_manager.go:223.29,225.3 1 1
github.com/linkerlin/godis/cluster/core/node_manager.go:226.2,226.45 1 0
github.com/linkerlin/godis/cluster/core/node_manager.go:226.45,228.3 1 0
github.com/linkerlin/godis/cluster/core/node_manager.go:229.2,229.16 1 0
github.com/linkerlin/godis/cluster/core/node_manager.go:229.16,231.3 1 0
github.com/linkerlin/godis/cluster/core/node_manager.go:233.2,234.24 2 0
github.com/linkerlin/godis/cluster/core/node_manager.go:234.24,236.3 1 0
github.com/linkerlin/godis/cluster/core/node_manager.go:237.2,237.26 1 0
github.com/linkerlin/godis/cluster/core/node_manager.go:237.26,239.3 1 0
github.com/linkerlin/godis/cluster/core/node_manager.go:241.2,248.59 2 0
github.com/linkerlin/godis/cluster/core/node_manager.go:248.59,250.3 1 0
github.com/linkerlin/godis/cluster/core/node_manager.go:251.2,251.53 1 0
github.com/linkerlin/godis/cluster/core/node_manager.go:255.96,257.34 2 0
github.com/linkerlin/godis/cluster/core/node_manager.go:257.34,259.57 2 0
github.com/linkerlin/godis/cluster/core/node_manager.go:259.57,260.43 1 0
github.com/linkerlin/godis/cluster/core/node_manager.go:260.43,262.5 1 0
github.com/linkerlin/godis/cluster/core/node_manager.go:263.4,263.40 1 0
github.com/linkerlin/godis/cluster/core/node_manager.go:263.40,265.5 1 0
github.com/linkerlin/godis/cluster/core/node_manager.go:267.3,267.11 1 0
github.com/linkerlin/godis/cluster/core/node_manager.go:267.11,269.4 1 0
github.com/linkerlin/godis/cluster/core/node_manager.go:270.3,270.37 1 0
github.com/linkerlin/godis/cluster/core/node_manager.go:272.2,272.84 1 0
github.com/linkerlin/godis/cluster/core/node_manager.go:279.98,280.23 1 0
github.com/linkerlin/godis/cluster/core/node_manager.go:280.23,282.3 1 0
github.com/linkerlin/godis/cluster/core/node_manager.go:283.2,284.26 2 0
github.com/linkerlin/godis/cluster/core/node_manager.go:284.26,287.17 2 0
github.com/linkerlin/godis/cluster/core/node_manager.go:287.17,289.4 1 0
github.com/linkerlin/godis/cluster/core/node_manager.go:290.3,291.34 2 0
github.com/linkerlin/godis/cluster/core/node_manager.go:293.2,296.17 4 0
github.com/linkerlin/godis/cluster/core/node_manager.go:296.17,298.3 1 0
github.com/linkerlin/godis/cluster/core/node_manager.go:299.2,305.16 3 0
github.com/linkerlin/godis/cluster/core/node_manager.go:305.16,307.3 1 0
github.com/linkerlin/godis/cluster/core/node_manager.go:308.2,312.16 3 0
github.com/linkerlin/godis/cluster/core/node_manager.go:312.16,314.3 1 0
github.com/linkerlin/godis/cluster/core/node_manager.go:315.2,318.16 3 0
github.com/linkerlin/godis/cluster/core/node_manager.go:318.16,320.3 1 0
github.com/linkerlin/godis/cluster/core/node_manager.go:321.2,323.31 2 0
github.com/linkerlin/godis/cluster/core/rebalance.go:48.48,57.2 1 0
github.com/linkerlin/godis/cluster/core/rebalance.go:121.62,126.2 1 0
github.com/linkerlin/godis/cluster/core/rebalance.go:129.64,136.2 4 0
github.com/linkerlin/godis/cluster/core/rebalance.go:139.58,144.2 3 0
github.com/linkerlin/godis/cluster/core/rebalance.go:147.79,154.49 5 0
github.com/linkerlin/godis/cluster/core/rebalance.go:154.49,157.3 2 0
github.com/linkerlin/godis/cluster/core/rebalance.go:160.2,161.37 2 0
github.com/linkerlin/godis/cluster/core/rebalance.go:161.37,162.41 1 0
github.com/linkerlin/godis/cluster/core/rebalance.go:162.41,164.4 1 0
github.com/linkerlin/godis/cluster/core/rebalance.go:165.3,165.60 1 0
github.com/linkerlin/godis/cluster/core/rebalance.go:168.2,171.42 3 0
github.com/linkerlin/godis/cluster/core/rebalance.go:171.42,178.3 1 0
github.com/linkerlin/godis/cluster/core/rebalance.go:181.2,181.48 1 0
github.com/linkerlin/godis/cluster/core/rebalance.go:181.48,183.3 1 0
github.com/linkerlin/godis/cluster/core/rebalance.go:185.2,185.27 1 0
github.com/linkerlin/godis/cluster/core/rebalance.go:189.70,191.16 2 0
github.com/linkerlin/godis/cluster/core/rebalance.go:191.16,193.3 1 0
github.com/linkerlin/godis/cluster/core/rebalance.go:195.2,195.29 1 0
github.com/linkerlin/godis/cluster/core/rebalance.go:195.29,197.3 1 0
github.com/linkerlin/godis/cluster/core/rebalance.go:199.2,214.35 6 0
github.com/linkerlin/godis/cluster/core/rebalance.go:228.78,230.16 2 0
github.com/linkerlin/godis/cluster/core/rebalance.go:230.16,232.3 1 0
github.com/linkerlin/godis/cluster/core/rebalance.go:234.2,234.28 1 0
github.com/linkerlin/godis/cluster/core/rebalance.go:234.28,236.3 1 0
github.com/linkerlin/godis/cluster/core/rebalance.go:238.2,252.37 5 0
github.com/linkerlin/godis/cluster/core/rebalance.go:252.37,254.30 2 0
github.com/linkerlin/godis/cluster/core/rebalance.go:254.30,256.4 1 0
github.com/linkerlin/godis/cluster/core/rebalance.go:256.9,256.37 1 0
github.com/linkerlin/godis/cluster/core/rebalance.go:256.37,258.4 1 0
github.com/linkerlin/godis/cluster/core/rebalance.go:262.2,262.41 1 0
github.com/linkerlin/godis/cluster/core/rebalance.go:262.41,265.3 1 0
github.com/linkerlin/godis/cluster/core/rebalance.go:268.2,268.44 1 0
github.com/linkerlin/godis/cluster/core/rebalance.go:268.44,271.3 1 0
github.com/linkerlin/godis/cluster/core/rebalance.go:274.2,274.31 1 0
github.com/linkerlin/godis/cluster/core/rebalance.go:274.31,278.18 3 0
github.com/linkerlin/godis/cluster/core/rebalance.go:278.18,279.12 1 0
github.com/linkerlin/godis/cluster/core/rebalance.go:283.3,283.49 1 0
github.com/linkerlin/godis/cluster/core/rebalance.go:283.49,288.20 4 0
github.com/linkerlin/godis/cluster/core/rebalance.go:288.20,290.13 2 0
github.com/linkerlin/godis/cluster/core/rebalance.go:294.4,309.44 8 0
github.com/linkerlin/godis/cluster/core/rebalance.go:309.44,311.5 1 0
github.com/linkerlin/godis/cluster/core/rebalance.go:315.2,317.18 2 0
github.com/linkerlin/godis/cluster/core/rebalance.go:321.99,323.37 2 0
github.com/linkerlin/godis/cluster/core/rebalance.go:323.37,325.3 1 0
github.com/linkerlin/godis/cluster/core/rebalance.go:327.2,329.37 2 0
github.com/linkerlin/godis/cluster/core/rebalance.go:329.37,334.38 3 0
github.com/linkerlin/godis/cluster/core/rebalance.go:334.38,336.21 2 0
github.com/linkerlin/godis/cluster/core/rebalance.go:336.21,338.5 1 0
github.com/linkerlin/godis/cluster/core/rebalance.go:339.4,339.35 1 0
github.com/linkerlin/godis/cluster/core/rebalance.go:341.8,346.38 3 0
github.com/linkerlin/godis/cluster/core/rebalance.go:346.38,348.19 2 0
github.com/linkerlin/godis/cluster/core/rebalance.go:348.19,350.5 1 0
github.com/linkerlin/godis/cluster/core/rebalance.go:351.4,352.25 2 0
github.com/linkerlin/godis/cluster/core/rebalance.go:355.3,356.38 2 0
github.com/linkerlin/godis/cluster/core/rebalance.go:356.38,361.4 4 0
github.com/linkerlin/godis/cluster/core/rebalance.go:364.3,365.34 2 0
github.com/linkerlin/godis/cluster/core/rebalance.go:365.34,368.4 2 0
github.com/linkerlin/godis/cluster/core/rebalance.go:371.2,371.20 1 0
github.com/linkerlin/godis/cluster/core/rebalance.go:375.70,379.22 3 0
github.com/linkerlin/godis/cluster/core/rebalance.go:379.22,381.3 1 0
github.com/linkerlin/godis/cluster/core/rebalance.go:384.2,385.16 2 0
github.com/linkerlin/godis/cluster/core/rebalance.go:385.16,387.3 1 0
github.com/linkerlin/godis/cluster/core/rebalance.go:389.2,389.14 1 0
github.com/linkerlin/godis/cluster/core/rebalance.go:389.14,392.3 1 0
github.com/linkerlin/godis/cluster/core/rebalance.go:395.2,396.16 2 0
github.com/linkerlin/godis/cluster/core/rebalance.go:396.16,398.3 1 0
github.com/linkerlin/godis/cluster/core/rebalance.go:400.2,400.31 1 0
github.com/linkerlin/godis/cluster/core/rebalance.go:400.31,402.3 1 0
github.com/linkerlin/godis/cluster/core/rebalance.go:404.2,412.18 5 0
github.com/linkerlin/godis/cluster/core/rebalance.go:416.67,417.15 1 0
github.com/linkerlin/godis/cluster/core/rebalance.go:417.15,424.3 5 0
github.com/linkerlin/godis/cluster/core/rebalance.go:426.2,428.33 2 0
github.com/linkerlin/godis/cluster/core/rebalance.go:428.33,440.17 6 0
github.com/linkerlin/godis/cluster/core/rebalance.go:440.17,447.4 4 0
github.com/linkerlin/godis/cluster/core/rebalance.go:447.9,451.4 3 0
github.com/linkerlin/godis/cluster/core/rebalance.go:455.2,455.32 1 0
github.com/linkerlin/godis/cluster/core/rebalance.go:455.32,458.3 2 0
github.com/linkerlin/godis/cluster/core/rebalance.go:458.8,458.42 1 0
github.com/linkerlin/godis/cluster/core/rebalance.go:458.42,462.3 3 0
github.com/linkerlin/godis/cluster/core/rebalance.go:462.8,465.3 2 0
github.com/linkerlin/godis/cluster/core/rebalance.go:469.77,477.2 4 0
github.com/linkerlin/godis/cluster/core/rebalance.go:480.53,484.23 3 0
github.com/linkerlin/godis/cluster/core/rebalance.go:484.23,486.3 1 0
github.com/linkerlin/godis/cluster/core/rebalance.go:488.2,488.29 1 0
github.com/linkerlin/godis/cluster/core/rebalance.go:488.29,490.3 1 0
github.com/linkerlin/godis/cluster/core/rebalance.go:492.2,495.12 3 0
github.com/linkerlin/godis/cluster/core/rebalance.go:499.65,504.2 3 0
github.com/linkerlin/godis/cluster/core/rebalance.go:507.50,512.2 3 0
github.com/linkerlin/godis/cluster/core/rebalance.go:515.30,517.2 1 0
github.com/linkerlin/godis/cluster/core/rebalance.go:520.50,521.12 1 0
github.com/linkerlin/godis/cluster/core/rebalance.go:521.12,525.22 3 0
github.com/linkerlin/godis/cluster/core/rebalance.go:525.22,531.37 5 0
github.com/linkerlin/godis/cluster/core/rebalance.go:531.37,532.13 1 0
github.com/linkerlin/godis/cluster/core/rebalance.go:535.4,536.18 2 0
github.com/linkerlin/godis/cluster/core/rebalance.go:536.18,538.13 2 0
github.com/linkerlin/godis/cluster/core/rebalance.go:541.4,541.17 1 0
github.com/linkerlin/godis/cluster/core/rebalance.go:541.17,544.19 3 0
github.com/linkerlin/godis/cluster/core/rebalance.go:544.19,546.6 1 0
github.com/linkerlin/godis/cluster/core/rebalance.go:553.95,558.17 4 0
github.com/linkerlin/godis/cluster/core/rebalance.go:558.17,560.3 1 0
github.com/linkerlin/godis/cluster/core/rebalance.go:562.2,564.15 3 0
github.com/linkerlin/godis/cluster/core/rebalance.go:564.15,566.3 1 0
github.com/linkerlin/godis/cluster/core/rebalance.go:568.2,568.59 1 0
github.com/linkerlin/godis/cluster/core/replica_manager.go:26.13,28.2 1 1
github.com/linkerlin/godis/cluster/core/replica_manager.go:40.42,44.2 1 0
github.com/linkerlin/godis/cluster/core/replica_manager.go:48.87,49.23 1 0
github.com/linkerlin/godis/cluster/core/replica_manager.go:49.23,51.3 1 0
github.com/linkerlin/godis/cluster/core/replica_manager.go:52.2,57.31 5 0
github.com/linkerlin/godis/cluster/core/replica_manager.go:60.40,62.16 2 0
github.com/linkerlin/godis/cluster/core/replica_manager.go:62.16,65.3 2 0
github.com/linkerlin/godis/cluster/core/replica_manager.go:66.2,68.55 3 0
github.com/linkerlin/godis/cluster/core/replica_manager.go:68.55,70.3 1 0
github.com/linkerlin/godis/cluster/core/replica_manager.go:75.43,80.74 4 0
github.com/linkerlin/godis/cluster/core/replica_manager.go:80.74,81.29 1 0
github.com/linkerlin/godis/cluster/core/replica_manager.go:81.29,84.4 1 0
github.com/linkerlin/godis/cluster/core/replica_manager.go:85.3,85.27 1 0
github.com/linkerlin/godis/cluster/core/replica_manager.go:85.27,87.47 2 0
github.com/linkerlin/godis/cluster/core/replica_manager.go:87.47,89.5 1 0
github.com/linkerlin/godis/cluster/core/replica_manager.go:93.2,96.40 2 0
github.com/linkerlin/godis/cluster/core/replica_manager.go:96.40,98.3 1 0
github.com/linkerlin/godis/cluster/core/replica_manager.go:101.73,107.16 5 0
github.com/linkerlin/godis/cluster/core/replica_manager.go:107.16,109.3 1 0
github.com/linkerlin/godis/cluster/core/replica_manager.go:110.2,113.55 3 0
github.com/linkerlin/godis/cluster/core/replica_manager.go:113.55,115.3 1 0
github.com/linkerlin/godis/cluster/core/replica_manager.go:118.2,126.16 2 0
github.com/linkerlin/godis/cluster/core/replica_manager.go:126.16,128.3 1 0
github.com/linkerlin/godis/cluster/core/replica_manager.go:129.2,131.12 2 0
github.com/linkerlin/godis/cluster/core/replica_manager.go:134.46,135.56 1 0
github.com/linkerlin/godis/cluster/core/replica_manager.go:135.56,136.55 1 0
github.com/linkerlin/godis/cluster/core/replica_manager.go:136.55,140.18 2 0
github.com/linkerlin/godis/cluster/core/replica_manager.go:140.18,143.5 2 0
github.com/linkerlin/godis/cluster/core/replica_manager.go:144.4,146.55 3 0
github.com/linkerlin/godis/cluster/core/replica_manager.go:146.55,149.5 2 0
github.com/linkerlin/godis/cluster/core/tcc.go:30.50,34.2 1 0
github.com/linkerlin/godis/cluster/core/tcc.go:36.13,41.2 3 1
github.com/linkerlin/godis/cluster/core/tcc.go:46.85,47.22 1 0
github.com/linkerlin/godis/cluster/core/tcc.go:47.22,49.3 1 0
github.com/linkerlin/godis/cluster/core/tcc.go:50.2,56.15 5 0
github.com/linkerlin/godis/cluster/core/tcc.go:56.15,59.3 2 0
github.com/linkerlin/godis/cluster/core/tcc.go:60.2,74.24 11 0
github.com/linkerlin/godis/cluster/core/tcc.go:74.24,76.3 1 0
github.com/linkerlin/godis/cluster/core/tcc.go:76.8,78.3 1 0
github.com/linkerlin/godis/cluster/core/tcc.go:79.2,79.35 1 0
github.com/linkerlin/godis/cluster/core/tcc.go:79.35,83.3 2 0
github.com/linkerlin/godis/cluster/core/tcc.go:84.2,84.15 1 0
github.com/linkerlin/godis/cluster/core/tcc.go:87.84,88.23 1 0
github.com/linkerlin/godis/cluster/core/tcc.go:88.23,90.3 1 0
github.com/linkerlin/godis/cluster/core/tcc.go:91.2,96.15 5 0
github.com/linkerlin/godis/cluster/core/tcc.go:96.15,98.3 1 0
github.com/linkerlin/godis/cluster/core/tcc.go:100.2,106.33 4 0
github.com/linkerlin/godis/cluster/core/tcc.go:106.33,109.3 1 0
github.com/linkerlin/godis/cluster/core/tcc.go:112.2,112.60 1 0
github.com/linkerlin/godis/cluster/core/tcc.go:112.60,116.3 3 0
github.com/linkerlin/godis/cluster/core/tcc.go:117.2,117.13 1 0
github.com/linkerlin/godis/cluster/core/tcc.go:120.86,121.23 1 0
github.com/linkerlin/godis/cluster/core/tcc.go:121.23,123.3 1 0
github.com/linkerlin/godis/cluster/core/tcc.go:124.2,130.15 5 0
github.com/linkerlin/godis/cluster/core/tcc.go:130.15,132.3 1 0
github.com/linkerlin/godis/cluster/core/tcc.go:135.2,135.17 1 0
github.com/linkerlin/godis/cluster/core/tcc.go:135.17,138.3 2 0
github.com/linkerlin/godis/cluster/core/tcc.go:139.2,139.45 1 0
github.com/linkerlin/godis/cluster/core/tcc.go:139.45,142.3 2 0
github.com/linkerlin/godis/cluster/core/tcc.go:143.2,150.31 5 0
github.com/linkerlin/godis/cluster/core/tcc.go:158.51,161.2 2 0
github.com/linkerlin/godis/cluster/core/tests.go:10.56,14.25 4 0
github.com/linkerlin/godis/cluster/core/tests.go:14.25,25.53 4 0
github.com/linkerlin/godis/cluster/core/tests.go:25.53,29.4 2 0
github.com/linkerlin/godis/cluster/core/tests.go:30.3,30.49 1 0
github.com/linkerlin/godis/cluster/core/tests.go:30.49,33.35 2 0
github.com/linkerlin/godis/cluster/core/tests.go:33.35,35.5 1 0
github.com/linkerlin/godis/cluster/core/tests.go:36.4,36.43 1 0
github.com/linkerlin/godis/cluster/core/tests.go:38.3,40.22 3 0
github.com/linkerlin/godis/cluster/core/tests.go:42.2,42.14 1 0
github.com/linkerlin/godis/cluster/core/utils.go:19.13,21.2 1 1
github.com/linkerlin/godis/cluster/core/utils.go:24.96,26.32 1 0
github.com/linkerlin/godis/cluster/core/utils.go:26.32,29.3 1 0
github.com/linkerlin/godis/cluster/core/utils.go:31.2,32.16 2 0
github.com/linkerlin/godis/cluster/core/utils.go:32.16,34.3 1 0
github.com/linkerlin/godis/cluster/core/utils.go:35.2,35.15 1 0
github.com/linkerlin/godis/cluster/core/utils.go:35.15,37.3 1 0
github.com/linkerlin/godis/cluster/core/utils.go:38.2,38.26 1 0
github.com/linkerlin/godis/cluster/core/utils.go:42.85,44.2 1 0
github.com/linkerlin/godis/cluster/core/utils.go:47.95,49.2 1 0
github.com/linkerlin/godis/cluster/core/utils.go:51.54,53.16 2 0
github.com/linkerlin/godis/cluster/core/utils.go:53.16,55.3 1 0
github.com/linkerlin/godis/cluster/core/utils.go:56.2,58.55 3 0
github.com/linkerlin/godis/cluster/core/utils.go:58.55,60.3 1 0
github.com/linkerlin/godis/cluster/core/utils.go:61.2,61.12 1 0
github.com/linkerlin/godis/cluster/core/utils.go:65.41,67.15 2 0
github.com/linkerlin/godis/cluster/core/utils.go:67.15,69.3 1 0
github.com/linkerlin/godis/cluster/core/utils.go:70.2,71.31 2 0
github.com/linkerlin/godis/cluster/core/utils.go:71.31,73.3 1 0
github.com/linkerlin/godis/cluster/core/utils.go:74.2,74.25 1 0
github.com/linkerlin/godis/cluster/core/utils.go:77.62,80.2 2 0
github.com/linkerlin/godis/cluster/core/utils.go:82.52,84.2 1 0
github.com/linkerlin/godis/cluster/core/utils.go:86.66,88.2 1 0
github.com/linkerlin/godis/cluster/core/utils.go:92.56,94.2 1 0
github.com/linkerlin/godis/cluster/core/utils.go:97.96,99.16 2 0
github.com/linkerlin/godis/cluster/core/utils.go:99.16,101.3 1 0
github.com/linkerlin/godis/cluster/core/utils.go:102.2,102.44 1 0
github.com/linkerlin/godis/cluster/core/utils.go:106.61,108.27 2 0
github.com/linkerlin/godis/cluster/core/utils.go:108.27,110.9 2 0
github.com/linkerlin/godis/cluster/core/utils.go:110.9,112.4 1 0
github.com/linkerlin/godis/cluster/core/utils.go:114.2,114.15 1 0
github.com/linkerlin/godis/config/config.go:70.33,72.2 1 0
github.com/linkerlin/godis/config/config.go:78.53,79.26 1 0
github.com/linkerlin/godis/config/config.go:79.26,81.3 1 0
github.com/linkerlin/godis/config/config.go:82.2,82.44 1 0
github.com/linkerlin/godis/config/config.go:85.57,86.31 1 0
github.com/linkerlin/godis/config/config.go:86.31,88.3 1 0
github.com/linkerlin/godis/config/config.go:89.2,89.25 1 0
github.com/linkerlin/godis/config/config.go:96.13,111.2 2 1
github.com/linkerlin/godis/config/config.go:113.54,119.21 4 1
github.com/linkerlin/godis/config/config.go:119.21,121.61 2 1
github.com/linkerlin/godis/config/config.go:121.61,122.12 1 0
github.com/linkerlin/godis/config/config.go:124.3,125.39 2 1
github.com/linkerlin/godis/config/config.go:125.39,129.4 3 1
github.com/linkerlin/godis/config/config.go:131.2,131.38 1 1
github.com/linkerlin/godis/config/config.go:131.38,133.3 1 0
github.com/linkerlin/godis/config/config.go:136.2,139.25 4 1
github.com/linkerlin/godis/config/config.go:139.25,143.46 4 1
github.com/linkerlin/godis/config/config.go:143.46,145.4 1 0
github.com/linkerlin/godis/config/config.go:146.3,147.9 2 1
github.com/linkerlin/godis/config/config.go:147.9,149.29 1 1
github.com/linkerlin/godis/config/config.go:150.24,151.30 1 1
github.com/linkerlin/godis/config/config.go:152.21,154.19 2 1
github.com/linkerlin/godis/config/config.go:154.19,156.6 1 1
github.com/linkerlin/godis/config/config.go:157.23,159.19 2 0
github.com/linkerlin/godis/config/config.go:159.19,161.6 1 0
github.com/linkerlin/godis/config/config.go:162.22,164.32 2 1
github.com/linkerlin/godis/config/config.go:165.23,166.51 1 0
github.com/linkerlin/godis/config/config.go:166.51,169.6 2 0
github.com/linkerlin/godis/config/config.go:173.2,173.20 1 1
github.com/linkerlin/godis/config/config.go:177.47,179.16 2 0
github.com/linkerlin/godis/config/config.go:179.16,181.3 1 0
github.com/linkerlin/godis/config/config.go:182.2,185.16 3 0
github.com/linkerlin/godis/config/config.go:185.16,187.3 1 0
github.com/linkerlin/godis/config/config.go:189.2,192.16 4 0
github.com/linkerlin/godis/config/config.go:192.16,194.3 1 0
github.com/linkerlin/godis/config/config.go:195.2,195.26 1 0
github.com/linkerlin/godis/config/config.go:195.26,197.3 1 0
github.com/linkerlin/godis/config/config.go:198.2,198.12 1 0
github.com/linkerlin/godis/config/config.go:201.25,203.2 1 0
github.com/linkerlin/godis/datastruct/bitmap/bitmap.go:5.20,8.2 2 1
github.com/linkerlin/godis/datastruct/bitmap/bitmap.go:10.38,11.20 1 1
github.com/linkerlin/godis/datastruct/bitmap/bitmap.go:11.20,13.3 1 1
github.com/linkerlin/godis/datastruct/bitmap/bitmap.go:14.2,14.22 1 1
github.com/linkerlin/godis/datastruct/bitmap/bitmap.go:17.38,20.14 3 1
github.com/linkerlin/godis/datastruct/bitmap/bitmap.go:20.14,22.3 1 1
github.com/linkerlin/godis/datastruct/bitmap/bitmap.go:23.2,23.39 1 1
github.com/linkerlin/godis/datastruct/bitmap/bitmap.go:26.32,28.2 1 1
github.com/linkerlin/godis/datastruct/bitmap/bitmap.go:30.38,33.2 2 1
github.com/linkerlin/godis/datastruct/bitmap/bitmap.go:35.35,37.2 1 1
github.com/linkerlin/godis/datastruct/bitmap/bitmap.go:39.49,44.13 5 1
github.com/linkerlin/godis/datastruct/bitmap/bitmap.go:44.13,47.3 1 1
github.com/linkerlin/godis/datastruct/bitmap/bitmap.go:47.8,50.3 1 1
github.com/linkerlin/godis/datastruct/bitmap/bitmap.go:53.44,56.33 3 1
github.com/linkerlin/godis/datastruct/bitmap/bitmap.go:56.33,58.3 1 1
github.com/linkerlin/godis/datastruct/bitmap/bitmap.go:59.2,59.46 1 1
github.com/linkerlin/godis/datastruct/bitmap/bitmap.go:64.66,68.33 4 1
github.com/linkerlin/godis/datastruct/bitmap/bitmap.go:68.33,70.21 2 1
github.com/linkerlin/godis/datastruct/bitmap/bitmap.go:70.21,72.24 2 1
github.com/linkerlin/godis/datastruct/bitmap/bitmap.go:72.24,74.5 1 1
github.com/linkerlin/godis/datastruct/bitmap/bitmap.go:75.4,77.33 3 1
github.com/linkerlin/godis/datastruct/bitmap/bitmap.go:77.33,78.10 1 1
github.com/linkerlin/godis/datastruct/bitmap/bitmap.go:81.3,83.31 3 1
github.com/linkerlin/godis/datastruct/bitmap/bitmap.go:83.31,84.9 1 1
github.com/linkerlin/godis/datastruct/bitmap/bitmap.go:89.63,90.14 1 1
github.com/linkerlin/godis/datastruct/bitmap/bitmap.go:90.14,92.3 1 1
github.com/linkerlin/godis/datastruct/bitmap/bitmap.go:92.8,92.26 1 1
github.com/linkerlin/godis/datastruct/bitmap/bitmap.go:92.26,94.3 1 1
github.com/linkerlin/godis/datastruct/bitmap/bitmap.go:95.2,95.31 1 1
github.com/linkerlin/godis/datastruct/bitmap/bitmap.go:95.31,96.29 1 1
github.com/linkerlin/godis/datastruct/bitmap/bitmap.go:96.29,98.4 1 1
github.com/linkerlin/godis/datastruct/dict/concurrent.go:26.44,27.17 1 1
github.com/linkerlin/godis/datastruct/dict/concurrent.go:27.17,29.3 1 1
github.com/linkerlin/godis/datastruct/dict/concurrent.go:30.2,36.11 7 0
github.com/linkerlin/godis/datastruct/dict/concurrent.go:36.11,38.3 1 0
github.com/linkerlin/godis/datastruct/dict/concurrent.go:39.2,39.14 1 0
github.com/linkerlin/godis/datastruct/dict/concurrent.go:43.53,44.21 1 1
github.com/linkerlin/godis/datastruct/dict/concurrent.go:44.21,55.3 2 0
github.com/linkerlin/godis/datastruct/dict/concurrent.go:56.2,58.34 3 1
github.com/linkerlin/godis/datastruct/dict/concurrent.go:58.34,62.3 1 1
github.com/linkerlin/godis/datastruct/dict/concurrent.go:63.2,68.10 2 1
github.com/linkerlin/godis/datastruct/dict/concurrent.go:73.31,75.32 2 1
github.com/linkerlin/godis/datastruct/dict/concurrent.go:75.32,78.3 2 1
github.com/linkerlin/godis/datastruct/dict/concurrent.go:79.2,79.13 1 1
github.com/linkerlin/godis/datastruct/dict/concurrent.go:82.55,83.17 1 1
github.com/linkerlin/godis/datastruct/dict/concurrent.go:83.17,84.23 1 0
github.com/linkerlin/godis/datastruct/dict/concurrent.go:86.2,86.26 1 1
github.com/linkerlin/godis/datastruct/dict/concurrent.go:86.26,88.3 1 0
github.com/linkerlin/godis/datastruct/dict/concurrent.go:89.2,91.35 3 1
github.com/linkerlin/godis/datastruct/dict/concurrent.go:94.59,95.17 1 1
github.com/linkerlin/godis/datastruct/dict/concurrent.go:95.17,96.23 1 0
github.com/linkerlin/godis/datastruct/dict/concurrent.go:98.2,98.26 1 1
github.com/linkerlin/godis/datastruct/dict/concurrent.go:102.76,103.17 1 1
github.com/linkerlin/godis/datastruct/dict/concurrent.go:103.17,104.23 1 0
github.com/linkerlin/godis/datastruct/dict/concurrent.go:106.2,111.8 6 1
github.com/linkerlin/godis/datastruct/dict/concurrent.go:114.84,115.17 1 1
github.com/linkerlin/godis/datastruct/dict/concurrent.go:115.17,116.23 1 0
github.com/linkerlin/godis/datastruct/dict/concurrent.go:118.2,121.8 4 1
github.com/linkerlin/godis/datastruct/dict/concurrent.go:125.39,126.17 1 1
github.com/linkerlin/godis/datastruct/dict/concurrent.go:126.17,127.23 1 0
github.com/linkerlin/godis/datastruct/dict/concurrent.go:129.2,129.43 1 1
github.com/linkerlin/godis/datastruct/dict/concurrent.go:133.75,134.17 1 1
[...]
github.com/linkerlin/godis/database/tx_utils.go:42.25,44.3 1 1
github.com/linkerlin/godis/database/tx_utils.go:45.2,45.18 1 1
github.com/linkerlin/godis/database/tx_utils.go:48.52,50.2 1 1
github.com/linkerlin/godis/database/tx_utils.go:52.56,55.2 2 1
github.com/linkerlin/godis/database/tx_utils.go:57.58,59.27 2 1
github.com/linkerlin/godis/database/tx_utils.go:59.27,61.10 2 1
github.com/linkerlin/godis/database/tx_utils.go:61.10,65.4 1 1
github.com/linkerlin/godis/database/tx_utils.go:65.9,71.4 1 1
github.com/linkerlin/godis/database/tx_utils.go:73.2,73.21 1 1
github.com/linkerlin/godis/database/tx_utils.go:76.73,79.21 3 1
github.com/linkerlin/godis/database/tx_utils.go:79.21,81.3 1 0
github.com/linkerlin/godis/database/tx_utils.go:82.2,82.17 1 1
github.com/linkerlin/godis/database/tx_utils.go:82.17,87.3 2 1
github.com/linkerlin/godis/database/tx_utils.go:88.2,88.31 1 1
github.com/linkerlin/godis/database/tx_utils.go:88.31,90.10 2 1
github.com/linkerlin/godis/database/tx_utils.go:90.10,94.4 1 1
github.com/linkerlin/godis/database/tx_utils.go:94.9,99.4 2 1
github.com/linkerlin/godis/database/tx_utils.go:101.2,101.21 1 1
github.com/linkerlin/godis/database/tx_utils.go:104.62,106.27 2 1
github.com/linkerlin/godis/database/tx_utils.go:106.27,108.3 1 1
github.com/linkerlin/godis/database/tx_utils.go:109.2,109.18 1 1
github.com/linkerlin/godis/database/tx_utils.go:112.67,116.30 4 1
github.com/linkerlin/godis/database/tx_utils.go:116.30,118.3 1 1
github.com/linkerlin/godis/database/tx_utils.go:119.2,119.29 1 1
github.com/linkerlin/godis/database/tx_utils.go:122.74,125.21 3 1
github.com/linkerlin/godis/database/tx_utils.go:125.21,127.3 1 0
github.com/linkerlin/godis/database/tx_utils.go:128.2,128.16 1 1
github.com/linkerlin/godis/database/tx_utils.go:128.16,133.3 2 1
github.com/linkerlin/godis/database/tx_utils.go:134.2,134.33 1 1
github.com/linkerlin/godis/database/tx_utils.go:134.33,136.10 2 1
github.com/linkerlin/godis/database/tx_utils.go:136.10,140.4 1 1
github.com/linkerlin/godis/database/tx_utils.go:140.9,144.4 1 1
github.com/linkerlin/godis/database/tx_utils.go:146.2,146.21 1 1
github.com/linkerlin/godis/database/tx_utils.go:150.53,154.33 4 1
github.com/linkerlin/godis/database/tx_utils.go:154.33,156.3 1 1
github.com/linkerlin/godis/database/tx_utils.go:157.2,157.48 1 1
github.com/linkerlin/godis/database/tx_utils.go:160.73,163.21 3 1
github.com/linkerlin/godis/database/tx_utils.go:163.21,165.3 1 0
github.com/linkerlin/godis/database/tx_utils.go:166.2,166.17 1 1
github.com/linkerlin/godis/database/tx_utils.go:166.17,171.3 2 1
github.com/linkerlin/godis/database/tx_utils.go:172.2,172.31 1 1
github.com/linkerlin/godis/database/tx_utils.go:172.31,174.10 2 1
github.com/linkerlin/godis/database/tx_utils.go:174.10,178.4 1 1
github.com/linkerlin/godis/database/tx_utils.go:178.9,183.4 2 1
github.com/linkerlin/godis/database/tx_utils.go:185.2,185.21 1 1
github.com/linkerlin/godis/database/validate_cmd.go:10.56,11.65 1 1
github.com/linkerlin/godis/database/validate_cmd.go:11.65,13.3 1 0
github.com/linkerlin/godis/database/validate_cmd.go:14.2,14.12 1 1
github.com/linkerlin/godis/database/validate_cmd.go:17.67,18.26 1 1
github.com/linkerlin/godis/database/validate_cmd.go:18.26,19.50 1 1
github.com/linkerlin/godis/database/validate_cmd.go:19.50,21.4 1 1
github.com/linkerlin/godis/database/validate_cmd.go:23.2,23.25 1 1
github.com/linkerlin/godis/database/validate_cmd.go:23.25,24.50 1 1
github.com/linkerlin/godis/database/validate_cmd.go:24.50,26.4 1 0
github.com/linkerlin/godis/database/validate_cmd.go:28.2,28.12 1 1
github.com/linkerlin/godis/database/validate_cmd.go:31.48,32.58 1 1
github.com/linkerlin/godis/database/validate_cmd.go:32.58,33.44 1 1
github.com/linkerlin/godis/database/validate_cmd.go:33.44,35.4 1 1
github.com/linkerlin/godis/database/validate_cmd.go:36.3,36.50 1 1
github.com/linkerlin/godis/database/validate_cmd.go:38.2,38.12 1 1
github.com/linkerlin/godis/database/validate_cmd.go:41.47,42.50 1 1
github.com/linkerlin/godis/database/validate_cmd.go:42.50,43.44 1 0
github.com/linkerlin/godis/database/validate_cmd.go:43.44,45.4 1 0
github.com/linkerlin/godis/database/validate_cmd.go:46.3,46.50 1 0
github.com/linkerlin/godis/database/validate_cmd.go:48.2,48.12 1 1
github.com/linkerlin/godis/database/validate_cmd.go:51.56,52.25 1 1
github.com/linkerlin/godis/database/validate_cmd.go:52.25,53.50 1 1
github.com/linkerlin/godis/database/validate_cmd.go:53.50,55.4 1 1
github.com/linkerlin/godis/database/validate_cmd.go:57.2,57.12 1 1
github.com/linkerlin/godis/database/validate_cmd.go:60.46,61.54 1 1
github.com/linkerlin/godis/database/validate_cmd.go:61.54,63.3 1 0
github.com/linkerlin/godis/database/validate_cmd.go:64.2,64.12 1 1
github.com/linkerlin/godis/database/validate_cmd.go:67.54,68.23 1 1
github.com/linkerlin/godis/database/validate_cmd.go:68.23,69.50 1 1
github.com/linkerlin/godis/database/validate_cmd.go:69.50,71.4 1 0
github.com/linkerlin/godis/database/validate_cmd.go:73.2,73.12 1 1
github.com/linkerlin/godis/database/validate_cmd.go:76.63,77.74 1 1
github.com/linkerlin/godis/database/validate_cmd.go:77.74,79.3 1 0
github.com/linkerlin/godis/database/validate_cmd.go:80.2,80.12 1 1
github.com/linkerlin/godis/database/validate_cmd.go:83.85,84.86 1 1
github.com/linkerlin/godis/database/validate_cmd.go:84.86,86.3 1 0
github.com/linkerlin/godis/database/validate_cmd.go:87.2,87.12 1 1
github.com/linkerlin/godis/database/vector.go:17.51,18.52 1 0
github.com/linkerlin/godis/database/vector.go:18.52,20.3 1 0
github.com/linkerlin/godis/database/vector.go:21.2,21.19 1 0
github.com/linkerlin/godis/database/vector.go:21.19,23.3 1 0
github.com/linkerlin/godis/database/vector.go:25.2,31.16 5 0
github.com/linkerlin/godis/database/vector.go:31.16,33.3 1 0
github.com/linkerlin/godis/database/vector.go:36.2,37.29 2 0
github.com/linkerlin/godis/database/vector.go:37.29,38.72 1 0
github.com/linkerlin/godis/database/vector.go:38.72,40.24 2 0
github.com/linkerlin/godis/database/vector.go:40.24,43.31 2 0
github.com/linkerlin/godis/database/vector.go:43.31,44.11 1 0
github.com/linkerlin/godis/database/vector.go:46.5,47.11 2 0
github.com/linkerlin/godis/database/vector.go:49.9,51.4 1 0
github.com/linkerlin/godis/database/vector.go:55.2,56.21 2 0
github.com/linkerlin/godis/database/vector.go:56.21,58.3 1 0
github.com/linkerlin/godis/database/vector.go:61.2,66.11 3 0
github.com/linkerlin/godis/database/vector.go:66.11,68.3 1 0
github.com/linkerlin/godis/database/vector.go:69.2,69.33 1 0
github.com/linkerlin/godis/database/vector.go:74.51,75.20 1 0
github.com/linkerlin/godis/database/vector.go:75.20,77.3 1 0
github.com/linkerlin/godis/database/vector.go:79.2,84.13 4 0
github.com/linkerlin/godis/database/vector.go:84.13,86.3 1 0
github.com/linkerlin/godis/database/vector.go:88.2,89.9 2 0
github.com/linkerlin/godis/database/vector.go:89.9,91.3 1 0
github.com/linkerlin/godis/database/vector.go:93.2,94.9 2 0
github.com/linkerlin/godis/database/vector.go:94.9,96.3 1 0
github.com/linkerlin/godis/database/vector.go:99.2,101.28 3 0
github.com/linkerlin/godis/database/vector.go:101.28,103.3 1 0
github.com/linkerlin/godis/database/vector.go:105.2,105.44 1 0
github.com/linkerlin/godis/database/vector.go:110.51,111.19 1 0
github.com/linkerlin/godis/database/vector.go:111.19,113.3 1 0
github.com/linkerlin/godis/database/vector.go:115.2,119.13 3 0
github.com/linkerlin/godis/database/vector.go:119.13,121.3 1 0
github.com/linkerlin/godis/database/vector.go:123.2,124.9 2 0
github.com/linkerlin/godis/database/vector.go:124.9,126.3 1 0
github.com/linkerlin/godis/database/vector.go:129.2,130.33 2 0
github.com/linkerlin/godis/database/vector.go:130.33,132.20 2 0
github.com/linkerlin/godis/database/vector.go:132.20,134.4 1 0
github.com/linkerlin/godis/database/vector.go:138.2,138.19 1 0
github.com/linkerlin/godis/database/vector.go:138.19,140.3 1 0
github.com/linkerlin/godis/database/vector.go:142.2,142.17 1 0
github.com/linkerlin/godis/database/vector.go:142.17,144.3 1 0
github.com/linkerlin/godis/database/vector.go:146.2,146.46 1 0
github.com/linkerlin/godis/database/vector.go:151.54,152.52 1 0
github.com/linkerlin/godis/database/vector.go:152.52,154.3 1 0
github.com/linkerlin/godis/database/vector.go:155.2,155.19 1 0
github.com/linkerlin/godis/database/vector.go:155.19,157.3 1 0
github.com/linkerlin/godis/database/vector.go:159.2,163.13 3 0
github.com/linkerlin/godis/database/vector.go:163.13,165.3 1 0
github.com/linkerlin/godis/database/vector.go:167.2,168.9 2 0
github.com/linkerlin/godis/database/vector.go:168.9,170.3 1 0
github.com/linkerlin/godis/database/vector.go:173.2,178.20 5 0
github.com/linkerlin/godis/database/vector.go:178.20,181.14 2 0
github.com/linkerlin/godis/database/vector.go:182.12,183.24 1 0
github.com/linkerlin/godis/database/vector.go:183.24,185.5 1 0
github.com/linkerlin/godis/database/vector.go:186.4,187.31 2 0
github.com/linkerlin/godis/database/vector.go:187.31,189.5 1 0
github.com/linkerlin/godis/database/vector.go:190.4,191.10 2 0
github.com/linkerlin/godis/database/vector.go:193.17,194.24 1 0
github.com/linkerlin/godis/database/vector.go:194.24,196.5 1 0
github.com/linkerlin/godis/database/vector.go:197.4,198.21 2 0
github.com/linkerlin/godis/database/vector.go:199.18,200.37 1 0
github.com/linkerlin/godis/database/vector.go:201.21,202.38 1 0
github.com/linkerlin/godis/database/vector.go:203.15,204.31 1 0
github.com/linkerlin/godis/database/vector.go:205.12,206.90 1 0
github.com/linkerlin/godis/database/vector.go:208.4,208.10 1 0
github.com/linkerlin/godis/database/vector.go:210.11,215.18 4 0
github.com/linkerlin/godis/database/vector.go:215.18,217.5 1 0
github.com/linkerlin/godis/database/vector.go:218.4,218.7 1 0
github.com/linkerlin/godis/database/vector.go:222.2,222.21 1 0
github.com/linkerlin/godis/database/vector.go:222.21,224.3 1 0
github.com/linkerlin/godis/database/vector.go:227.2,230.37 2 0
github.com/linkerlin/godis/database/vector.go:235.53,236.19 1 0
github.com/linkerlin/godis/database/vector.go:236.19,238.3 1 0
github.com/linkerlin/godis/database/vector.go:240.2,245.13 4 0
github.com/linkerlin/godis/database/vector.go:245.13,247.3 1 0
github.com/linkerlin/godis/database/vector.go:249.2,250.9 2 0
github.com/linkerlin/godis/database/vector.go:250.9,252.3 1 0
github.com/linkerlin/godis/database/vector.go:255.2,256.9 2 0
github.com/linkerlin/godis/database/vector.go:256.9,258.3 1 0
github.com/linkerlin/godis/database/vector.go:261.2,264.29 3 0
github.com/linkerlin/godis/database/vector.go:264.29,267.14 2 0
github.com/linkerlin/godis/database/vector.go:268.12,269.24 1 0
github.com/linkerlin/godis/database/vector.go:269.24,271.5 1 0
github.com/linkerlin/godis/database/vector.go:272.4,273.31 2 0
github.com/linkerlin/godis/database/vector.go:273.31,275.5 1 0
github.com/linkerlin/godis/database/vector.go:276.4,277.10 2 0
github.com/linkerlin/godis/database/vector.go:279.17,280.24 1 0
github.com/linkerlin/godis/database/vector.go:280.24,282.5 1 0
github.com/linkerlin/godis/database/vector.go:283.4,284.21 2 0
github.com/linkerlin/godis/database/vector.go:285.18,286.37 1 0
github.com/linkerlin/godis/database/vector.go:287.21,288.38 1 0
github.com/linkerlin/godis/database/vector.go:289.15,290.31 1 0
github.com/linkerlin/godis/database/vector.go:291.12,292.90 1 0
github.com/linkerlin/godis/database/vector.go:294.4,294.10 1 0
github.com/linkerlin/godis/database/vector.go:296.11,297.7 1 0
github.com/linkerlin/godis/database/vector.go:302.2,306.31 3 0
github.com/linkerlin/godis/database/vector.go:306.31,307.22 1 0
github.com/linkerlin/godis/database/vector.go:307.22,309.4 1 0
github.com/linkerlin/godis/database/vector.go:310.3,310.24 1 0
github.com/linkerlin/godis/database/vector.go:310.24,311.9 1 0
github.com/linkerlin/godis/database/vector.go:315.2,315.37 1 0
github.com/linkerlin/godis/database/vector.go:320.53,321.19 1 0
github.com/linkerlin/godis/database/vector.go:321.19,323.3 1 0
github.com/linkerlin/godis/database/vector.go:325.2,329.13 3 0
github.com/linkerlin/godis/database/vector.go:329.13,331.3 1 0
github.com/linkerlin/godis/database/vector.go:333.2,334.9 2 0
github.com/linkerlin/godis/database/vector.go:334.9,336.3 1 0
github.com/linkerlin/godis/database/vector.go:339.2,341.19 3 0
github.com/linkerlin/godis/database/vector.go:342.16,343.35 1 0
github.com/linkerlin/godis/database/vector.go:344.19,345.36 1 0
github.com/linkerlin/godis/database/vector.go:346.13,347.29 1 0
github.com/linkerlin/godis/database/vector.go:348.10,349.88 1 0
github.com/linkerlin/godis/database/vector.go:353.2,354.16 2 0
github.com/linkerlin/godis/database/vector.go:354.16,356.3 1 0
github.com/linkerlin/godis/database/vector.go:359.2,361.16 3 0
github.com/linkerlin/godis/database/vector.go:361.16,363.3 1 0
github.com/linkerlin/godis/database/vector.go:366.2,368.37 2 0
github.com/linkerlin/godis/database/vector.go:373.51,374.20 1 0
github.com/linkerlin/godis/database/vector.go:374.20,376.3 1 0
github.com/linkerlin/godis/database/vector.go:378.2,382.13 3 0
github.com/linkerlin/godis/database/vector.go:382.13,384.3 1 0
github.com/linkerlin/godis/database/vector.go:386.2,387.9 2 0
github.com/linkerlin/godis/database/vector.go:387.9,389.3 1 0
github.com/linkerlin/godis/database/vector.go:391.2,391.47 1 0
github.com/linkerlin/godis/database/vector.go:396.52,398.2 1 0
github.com/linkerlin/godis/database/vector.go:402.79,404.13 2 0
github.com/linkerlin/godis/database/vector.go:404.13,408.3 3 0
github.com/linkerlin/godis/database/vector.go:410.2,411.9 2 0
github.com/linkerlin/godis/database/vector.go:411.9,413.3 1 0
github.com/linkerlin/godis/database/vector.go:415.2,415.16 1 0
github.com/linkerlin/godis/database/vector.go:418.58,422.53 1 0
github.com/linkerlin/godis/database/vector.go:422.53,424.3 1 0
github.com/linkerlin/godis/database/vector.go:427.2,431.30 3 0
github.com/linkerlin/godis/database/vector.go:431.30,433.3 1 0
github.com/linkerlin/godis/database/vector.go:433.8,435.3 1 0
github.com/linkerlin/godis/database/vector.go:437.2,437.29 1 0
github.com/linkerlin/godis/database/vector.go:437.29,439.17 2 0
github.com/linkerlin/godis/database/vector.go:439.17,440.12 1 0
github.com/linkerlin/godis/database/vector.go:442.3,443.17 2 0
github.com/linkerlin/godis/database/vector.go:443.17,445.4 1 0
github.com/linkerlin/godis/database/vector.go:446.3,446.31 1 0
github.com/linkerlin/godis/database/vector.go:449.2,449.22 1 0
github.com/linkerlin/godis/database/vector.go:449.22,451.3 1 0
github.com/linkerlin/godis/database/vector.go:453.2,453.49 1 0
github.com/linkerlin/godis/database/vector.go:456.70,457.23 1 0
github.com/linkerlin/godis/database/vector.go:457.23,459.3 1 0
github.com/linkerlin/godis/database/vector.go:462.2,463.28 2 0
github.com/linkerlin/godis/database/vector.go:463.28,469.29 5 0
github.com/linkerlin/godis/database/vector.go:469.29,471.4 1 0
github.com/linkerlin/godis/database/vector.go:472.3,472.72 1 0
github.com/linkerlin/godis/database/vector.go:475.2,475.43 1 0
github.com/linkerlin/godis/database/vector.go:479.55,481.2 1 1
github.com/linkerlin/godis/database/vector.go:483.13,500.2 8 1
github.com/linkerlin/godis/database/vector_sqlite_stub.go:12.49,14.2 1 0
github.com/linkerlin/godis/database/vector_sqlite_stub.go:16.52,18.2 1 0
github.com/linkerlin/godis/redis/server/gnet/server.go:31.48,35.2 1 1
github.com/linkerlin/godis/redis/server/gnet/server.go:37.51,39.2 1 1
github.com/linkerlin/godis/redis/server/gnet/server.go:41.67,45.2 3 1
github.com/linkerlin/godis/redis/server/gnet/server.go:47.75,48.21 1 1
github.com/linkerlin/godis/redis/server/gnet/server.go:48.21,50.3 1 0
github.com/linkerlin/godis/redis/server/gnet/server.go:51.2,51.28 1 1
github.com/linkerlin/godis/redis/server/gnet/server.go:51.28,53.3 1 1
github.com/linkerlin/godis/redis/server/gnet/server.go:54.2,56.8 3 1
github.com/linkerlin/godis/redis/server/gnet/server.go:59.75,60.16 1 1
github.com/linkerlin/godis/redis/server/gnet/server.go:60.16,62.3 1 0
github.com/linkerlin/godis/redis/server/gnet/server.go:63.2,63.36 1 1
github.com/linkerlin/godis/redis/server/gnet/server.go:63.36,67.3 3 1
github.com/linkerlin/godis/redis/server/gnet/server.go:68.2,68.8 1 1
github.com/linkerlin/godis/redis/server/gnet/server.go:71.66,72.21 1 1
github.com/linkerlin/godis/redis/server/gnet/server.go:72.21,74.3 1 0
github.com/linkerlin/godis/redis/server/gnet/server.go:75.2,80.16 5 1
github.com/linkerlin/godis/redis/server/gnet/server.go:80.16,83.3 2 0
github.com/linkerlin/godis/redis/server/gnet/server.go:84.2,84.23 1 1
github.com/linkerlin/godis/redis/server/gnet/server.go:84.23,86.3 1 0
github.com/linkerlin/godis/redis/server/gnet/server.go:87.2,88.19 2 1
github.com/linkerlin/godis/redis/server/gnet/server.go:88.19,90.3 1 0
github.com/linkerlin/godis/redis/server/gnet/server.go:91.2,92.21 2 1
github.com/linkerlin/godis/redis/server/gnet/server.go:92.21,93.44 1 1
github.com/linkerlin/godis/redis/server/gnet/server.go:93.44,96.4 2 0
github.com/linkerlin/godis/redis/server/gnet/server.go:97.3,97.34 1 1
github.com/linkerlin/godis/redis/server/gnet/server.go:99.2,99.18 1 1
github.com/linkerlin/godis/redis/server/gnet/server.go:103.36,108.12 4 1
github.com/linkerlin/godis/redis/server/gnet/server.go:108.12,111.3 2 1
github.com/linkerlin/godis/redis/server/gnet/server.go:112.2,112.9 1 1
github.com/linkerlin/godis/redis/server/gnet/server.go:113.14,113.14 0 1
github.com/linkerlin/godis/redis/server/gnet/server.go:114.41,115.73 1 0
github.com/linkerlin/godis/redis/server/gnet/server.go:118.2,118.21 1 1
github.com/linkerlin/godis/redis/server/gnet/server.go:118.21,120.3 1 1
github.com/linkerlin/godis/redis/server/gnet/server.go:121.2,122.12 2 1
github.com/linkerlin/godis/redis/server/std/server.go:43.38,46.37 3 1
github.com/linkerlin/godis/redis/server/std/server.go:46.37,48.17 2 0
github.com/linkerlin/godis/redis/server/std/server.go:48.17,50.4 1 0
github.com/linkerlin/godis/redis/server/std/server.go:51.8,53.17 2 1
github.com/linkerlin/godis/redis/server/std/server.go:53.17,55.4 1 0
github.com/linkerlin/godis/redis/server/std/server.go:57.2,59.8 1 1
github.com/linkerlin/godis/redis/server/std/server.go:62.49,66.2 1 0
github.com/linkerlin/godis/redis/server/std/server.go:68.62,72.2 3 0
github.com/linkerlin/godis/redis/server/std/server.go:75.62,76.21 1 1
github.com/linkerlin/godis/redis/server/std/server.go:76.21,80.3 2 1
github.com/linkerlin/godis/redis/server/std/server.go:81.2,88.26 6 1
github.com/linkerlin/godis/redis/server/std/server.go:88.26,89.22 1 1
github.com/linkerlin/godis/redis/server/std/server.go:89.22,90.9 1 1
github.com/linkerlin/godis/redis/server/std/server.go:92.3,92.25 1 1
github.com/linkerlin/godis/redis/server/std/server.go:92.25,95.79 1 0
github.com/linkerlin/godis/redis/server/std/server.go:95.79,100.5 3 0
github.com/linkerlin/godis/redis/server/std/server.go:102.4,104.18 3 0
github.com/linkerlin/godis/redis/server/std/server.go:104.18,108.5 3 0
github.com/linkerlin/godis/redis/server/std/server.go:109.4,109.12 1 0
github.com/linkerlin/godis/redis/server/std/server.go:111.3,111.26 1 1
github.com/linkerlin/godis/redis/server/std/server.go:111.26,113.12 2 0
github.com/linkerlin/godis/redis/server/std/server.go:115.3,116.10 2 1
github.com/linkerlin/godis/redis/server/std/server.go:116.10,118.12 2 0
github.com/linkerlin/godis/redis/server/std/server.go:120.3,121.20 2 1
github.com/linkerlin/godis/redis/server/std/server.go:121.20,125.4 3 1
github.com/linkerlin/godis/redis/server/std/server.go:125.9,128.4 2 0
github.com/linkerlin/godis/redis/server/std/server.go:133.33,138.12 4 1
github.com/linkerlin/godis/redis/server/std/server.go:138.12,141.3 2 1
github.com/linkerlin/godis/redis/server/std/server.go:142.2,142.9 1 1
github.com/linkerlin/godis/redis/server/std/server.go:143.14,143.14 0 1
github.com/linkerlin/godis/redis/server/std/server.go:144.38,145.72 1 1
github.com/linkerlin/godis/redis/server/std/server.go:148.2,148.65 1 1
github.com/linkerlin/godis/redis/server/std/server.go:148.65,152.3 3 1
github.com/linkerlin/godis/redis/server/std/server.go:153.2,154.12 2 1
